2025-09-08 12:59:00 +0000  Initial pipeline context: <IDEDistributionProcessingPipelineContext: 0x35ac3cef0; archive(resolved)="<IDEArchive: 0x6000309d8c40>", distributionTask(resolved)="2", distributionDestination(resolved)="1", distributionMethod(resolved)="<IDEDistributionMethodiOSEnterprise: 0x6000022e3b50>", team(resolved)="<IDEProvisioningDisambiguatableBasicTeam: 0x600007a28d80; teamID='DV2A85LJJL', teamName='alliantgroup, LP', teamType='Enterprise', username='appdevteam@alliantgroup.com', isFreeProvisioningTeam='0'>">
	Chain (15, self inclusive):
	<IDEDistributionProcessingPipelineContext: 0x35ac3cef0; archive = "<IDEArchive: 0x6000309d8c40>", distributionMethod="<IDEDistributionMethodiOSEnterprise: 0x6000022e3b50>", team="<IDEProvisioningDisambiguatableBasicTeam: 0x600007a28d80; teamID='DV2A85LJJL', teamName='alliantgroup, LP', teamType='Enterprise', username='appdevteam@alliantgroup.com', isFreeProvisioningTeam='0'>">
	<IDEDistributionProcessingPipelineContext: 0x357f26030; archive = "<IDEArchive: 0x6000309d8c40>", distributionMethod="<IDEDistributionMethodiOSEnterprise: 0x6000022e3b50>", team="<IDEProvisioningDisambiguatableBasicTeam: 0x600007a28d80; teamID='DV2A85LJJL', teamName='alliantgroup, LP', teamType='Enterprise', username='appdevteam@alliantgroup.com', isFreeProvisioningTeam='0'>">
	<IDEDistributionContext: 0x377730cb0; archive = "<IDEArchive: 0x6000309d8c40>", distributionMethod="<IDEDistributionMethodiOSEnterprise: 0x6000022e3b50>", team="<IDEProvisioningDisambiguatableBasicTeam: 0x600007a28d80; teamID='DV2A85LJJL', teamName='alliantgroup, LP', teamType='Enterprise', username='appdevteam@alliantgroup.com', isFreeProvisioningTeam='0'>">
	<IDEDistributionContext: 0x374335210; archive = "<IDEArchive: 0x6000309d8c40>", distributionMethod="<IDEDistributionMethodiOSEnterprise: 0x6000022e3b50>", team="<IDEProvisioningDisambiguatableBasicTeam: 0x600007a28d80; teamID='DV2A85LJJL', teamName='alliantgroup, LP', teamType='Enterprise', username='appdevteam@alliantgroup.com', isFreeProvisioningTeam='0'>">
	<IDEDistributionContext: 0x36d5c0ac0; archive = "<IDEArchive: 0x6000309d8c40>", distributionMethod="<IDEDistributionMethodiOSEnterprise: 0x6000022e3b50>", team="<IDEProvisioningDisambiguatableBasicTeam: 0x600007a28d80; teamID='DV2A85LJJL', teamName='alliantgroup, LP', teamType='Enterprise', username='appdevteam@alliantgroup.com', isFreeProvisioningTeam='0'>">
	<IDEDistributionContext: 0x36d596940; archive = "<IDEArchive: 0x6000309d8c40>", distributionMethod="<IDEDistributionMethodiOSEnterprise: 0x6000022e3b50>", team="<IDEProvisioningDisambiguatableBasicTeam: 0x600007a28d80; teamID='DV2A85LJJL', teamName='alliantgroup, LP', teamType='Enterprise', username='appdevteam@alliantgroup.com', isFreeProvisioningTeam='0'>">
	<IDEDistributionContext: 0x357b588b0; archive = "<IDEArchive: 0x6000309d8c40>", distributionMethod="<IDEDistributionMethodiOSEnterprise: 0x6000022e3b50>", team="<IDEProvisioningDisambiguatableBasicTeam: 0x600007a28d80; teamID='DV2A85LJJL', teamName='alliantgroup, LP', teamType='Enterprise', username='appdevteam@alliantgroup.com', isFreeProvisioningTeam='0'>">
	<IDEDistributionContext: 0x385691180; archive = "<IDEArchive: 0x6000309d8c40>", distributionMethod="<IDEDistributionMethodiOSEnterprise: 0x6000022e3b50>", team="<IDEProvisioningDisambiguatableBasicTeam: 0x600007a28d80; teamID='DV2A85LJJL', teamName='alliantgroup, LP', teamType='Enterprise', username='appdevteam@alliantgroup.com', isFreeProvisioningTeam='0'>">
	<IDEDistributionContext: 0x357b86920; archive = "<IDEArchive: 0x6000309d8c40>", distributionMethod="<IDEDistributionMethodiOSEnterprise: 0x6000022e3b50>", team="<IDEProvisioningDisambiguatableBasicTeam: 0x600007a28d80; teamID='DV2A85LJJL', teamName='alliantgroup, LP', teamType='Enterprise', username='appdevteam@alliantgroup.com', isFreeProvisioningTeam='0'>">
	<IDEDistributionContext: 0x358c1e110; archive = "<IDEArchive: 0x6000309d8c40>", distributionMethod="<IDEDistributionMethodiOSEnterprise: 0x6000022e3b50>", team="(null)">
	<IDEDistributionContext: 0x35d4fa1e0; archive = "<IDEArchive: 0x6000309d8c40>", distributionMethod="<IDEDistributionMethodiOSEnterprise: 0x6000022e3b50>", team="(null)">
	<IDEDistributionContext: 0x353b17ba0; archive = "<IDEArchive: 0x6000309d8c40>", distributionMethod="<IDEDistributionMethodiOSEnterprise: 0x6000022e3b50>", team="(null)">
	<IDEDistributionContext: 0x36d8cea80; archive = "<IDEArchive: 0x6000309d8c40>", distributionMethod="<IDEDistributionMethodiOSEnterprise: 0x6000022e3b50>", team="(null)">
	<IDEDistributionContext: 0x36da0d4a0; archive = "<IDEArchive: 0x6000309d8c40>", distributionMethod="(null)", team="(null)">
	<IDEDistributionContext: 0x35a052880; archive = "<IDEArchive: 0x6000309d8c40>", distributionMethod="(null)", team="(null)">
</IDEDistributionProcessingPipelineContext: 0x35ac3cef0>
2025-09-08 12:59:00 +0000  Processing step: IDEDistributionCreateDestRootStep
2025-09-08 12:59:00 +0000  Processing step: IDEDistributionCopyItemStep
2025-09-08 12:59:00 +0000  Running /usr/bin/ditto '-V' '/Users/virendra.gupta/Library/Developer/Xcode/Archives/2025-09-08/AlliantGroup 08-09-25, 6.28 PM.xcarchive/Products/Applications/agInspect.app' '/var/folders/z2/64cv4cgj1v7_f7s0knllcm7m0000gn/T/XcodeDistPipeline.~~~UqHV1L/Root/Payload/agInspect.app'
2025-09-08 12:59:00 +0000  >>> Copying /Users/virendra.gupta/Library/Developer/Xcode/Archives/2025-09-08/AlliantGroup 08-09-25, 6.28 PM.xcarchive/Products/Applications/agInspect.app 
2025-09-08 12:59:00 +0000  copying file ./_CodeSignature/CodeResources ... 
2025-09-08 12:59:00 +0000  70026 bytes for ./_CodeSignature/CodeResources
2025-09-08 12:59:00 +0000  copying file ./NYTPhotoViewer.bundle/NYTPhotoViewerCloseButtonX@2x.png ... 
2025-09-08 12:59:00 +0000  283 bytes for ./NYTPhotoViewer.bundle/NYTPhotoViewerCloseButtonX@2x.png
2025-09-08 12:59:00 +0000  copying file ./NYTPhotoViewer.bundle/NYTPhotoViewerCloseButtonX@3x.png ... 
2025-09-08 12:59:00 +0000  369 bytes for ./NYTPhotoViewer.bundle/NYTPhotoViewerCloseButtonX@3x.png
2025-09-08 12:59:00 +0000  copying file ./NYTPhotoViewer.bundle/NYTPhotoViewerCloseButtonXLandscape@2x.png ... 
2025-09-08 12:59:00 +0000  208 bytes for ./NYTPhotoViewer.bundle/NYTPhotoViewerCloseButtonXLandscape@2x.png
2025-09-08 12:59:00 +0000  copying file ./NYTPhotoViewer.bundle/NYTPhotoViewerCloseButtonXLandscape.png ... 
2025-09-08 12:59:00 +0000  143 bytes for ./NYTPhotoViewer.bundle/NYTPhotoViewerCloseButtonXLandscape.png
2025-09-08 12:59:00 +0000  copying file ./NYTPhotoViewer.bundle/NYTPhotoViewerCloseButtonXLandscape@3x.png ... 
2025-09-08 12:59:00 +0000  273 bytes for ./NYTPhotoViewer.bundle/NYTPhotoViewerCloseButtonXLandscape@3x.png
2025-09-08 12:59:00 +0000  copying file ./NYTPhotoViewer.bundle/Info.plist ... 
2025-09-08 12:59:00 +0000  769 bytes for ./NYTPhotoViewer.bundle/Info.plist
copying file ./NYTPhotoViewer.bundle/NYTPhotoViewerCloseButtonX.png ... 
2025-09-08 12:59:00 +0000  220 bytes for ./NYTPhotoViewer.bundle/NYTPhotoViewerCloseButtonX.png
2025-09-08 12:59:00 +0000  copying file ./MedicalUS.dct ... 
2025-09-08 12:59:00 +0000  637139 bytes for ./MedicalUS.dct
2025-09-08 12:59:00 +0000  copying file ./English.dct ... 
2025-09-08 12:59:00 +0000  240733 bytes for ./English.dct
2025-09-08 12:59:00 +0000  copying file ./QBImagePicker.bundle/de.lproj/QBImagePicker.strings ... 
2025-09-08 12:59:00 +0000  686 bytes for ./QBImagePicker.bundle/de.lproj/QBImagePicker.strings
2025-09-08 12:59:00 +0000  copying file ./QBImagePicker.bundle/zh-Hans.lproj/QBImagePicker.strings ... 
2025-09-08 12:59:00 +0000  738 bytes for ./QBImagePicker.bundle/zh-Hans.lproj/QBImagePicker.strings
2025-09-08 12:59:00 +0000  copying file ./QBImagePicker.bundle/ja.lproj/QBImagePicker.strings ... 
2025-09-08 12:59:00 +0000  764 bytes for ./QBImagePicker.bundle/ja.lproj/QBImagePicker.strings
2025-09-08 12:59:00 +0000  copying file ./QBImagePicker.bundle/en.lproj/QBImagePicker.strings ... 
2025-09-08 12:59:00 +0000  681 bytes for ./QBImagePicker.bundle/en.lproj/QBImagePicker.strings
2025-09-08 12:59:00 +0000  copying file ./QBImagePicker.bundle/QBImagePicker.storyboardc/QiH-NZ-ZGN-view-sD2-zK-ryo.nib/runtime.nib ... 
2025-09-08 12:59:00 +0000  10044 bytes for ./QBImagePicker.bundle/QBImagePicker.storyboardc/QiH-NZ-ZGN-view-sD2-zK-ryo.nib/runtime.nib
2025-09-08 12:59:00 +0000  copying file ./QBImagePicker.bundle/QBImagePicker.storyboardc/QiH-NZ-ZGN-view-sD2-zK-ryo.nib/objects-12.3+.nib ... 
2025-09-08 12:59:00 +0000  10271 bytes for ./QBImagePicker.bundle/QBImagePicker.storyboardc/QiH-NZ-ZGN-view-sD2-zK-ryo.nib/objects-12.3+.nib
2025-09-08 12:59:00 +0000  copying file ./QBImagePicker.bundle/QBImagePicker.storyboardc/QBAlbumsViewController.nib/runtime.nib ... 
2025-09-08 12:59:00 +0000  1800 bytes for ./QBImagePicker.bundle/QBImagePicker.storyboardc/QBAlbumsViewController.nib/runtime.nib
2025-09-08 12:59:00 +0000  copying file ./QBImagePicker.bundle/QBImagePicker.storyboardc/QBAlbumsViewController.nib/objects-12.3+.nib ... 
2025-09-08 12:59:00 +0000  1800 bytes for ./QBImagePicker.bundle/QBImagePicker.storyboardc/QBAlbumsViewController.nib/objects-12.3+.nib
2025-09-08 12:59:00 +0000  copying file ./QBImagePicker.bundle/QBImagePicker.storyboardc/QBAssetsViewController.nib/runtime.nib ... 
2025-09-08 12:59:00 +0000  1393 bytes for ./QBImagePicker.bundle/QBImagePicker.storyboardc/QBAssetsViewController.nib/runtime.nib
2025-09-08 12:59:00 +0000  copying file ./QBImagePicker.bundle/QBImagePicker.storyboardc/QBAssetsViewController.nib/objects-12.3+.nib ... 
2025-09-08 12:59:00 +0000  1393 bytes for ./QBImagePicker.bundle/QBImagePicker.storyboardc/QBAssetsViewController.nib/objects-12.3+.nib
2025-09-08 12:59:00 +0000  copying file ./QBImagePicker.bundle/QBImagePicker.storyboardc/QL5-wR-LYt-view-66K-TS-Yoc.nib/runtime.nib ... 
2025-09-08 12:59:00 +0000  7017 bytes for ./QBImagePicker.bundle/QBImagePicker.storyboardc/QL5-wR-LYt-view-66K-TS-Yoc.nib/runtime.nib
2025-09-08 12:59:00 +0000  copying file ./QBImagePicker.bundle/QBImagePicker.storyboardc/QL5-wR-LYt-view-66K-TS-Yoc.nib/objects-12.3+.nib ... 
2025-09-08 12:59:00 +0000  7017 bytes for ./QBImagePicker.bundle/QBImagePicker.storyboardc/QL5-wR-LYt-view-66K-TS-Yoc.nib/objects-12.3+.nib
2025-09-08 12:59:00 +0000  copying file ./QBImagePicker.bundle/QBImagePicker.storyboardc/QBAlbumsNavigationController.nib/runtime.nib ... 
2025-09-08 12:59:00 +0000  2631 bytes for ./QBImagePicker.bundle/QBImagePicker.storyboardc/QBAlbumsNavigationController.nib/runtime.nib
2025-09-08 12:59:00 +0000  copying file ./QBImagePicker.bundle/QBImagePicker.storyboardc/QBAlbumsNavigationController.nib/objects-12.3+.nib ... 
2025-09-08 12:59:00 +0000  2631 bytes for ./QBImagePicker.bundle/QBImagePicker.storyboardc/QBAlbumsNavigationController.nib/objects-12.3+.nib
2025-09-08 12:59:00 +0000  copying file ./QBImagePicker.bundle/QBImagePicker.storyboardc/Info.plist ... 
2025-09-08 12:59:00 +0000  289 bytes for ./QBImagePicker.bundle/QBImagePicker.storyboardc/Info.plist
2025-09-08 12:59:00 +0000  copying file ./QBImagePicker.bundle/es.lproj/QBImagePicker.strings ... 
2025-09-08 12:59:00 +0000  685 bytes for ./QBImagePicker.bundle/es.lproj/QBImagePicker.strings
2025-09-08 12:59:00 +0000  copying file ./QBImagePicker.bundle/Info.plist ... 
2025-09-08 12:59:00 +0000  767 bytes for ./QBImagePicker.bundle/Info.plist
2025-09-08 12:59:00 +0000  copying file ./Brazilian.dct ... 
2025-09-08 12:59:00 +0000  98892 bytes for ./Brazilian.dct
2025-09-08 12:59:00 +0000  copying file ./agInspect ... 
2025-09-08 12:59:00 +0000  7936608 bytes for ./agInspect
2025-09-08 12:59:00 +0000  copying file ./Spanish.dct ... 
2025-09-08 12:59:00 +0000  176621 bytes for ./Spanish.dct
2025-09-08 12:59:00 +0000  copying file ./AppIcon29x29~ipad.png ... 
2025-09-08 12:59:00 +0000  1754 bytes for ./AppIcon29x29~ipad.png
2025-09-08 12:59:00 +0000  copying file ./Italian.dct ... 
2025-09-08 12:59:00 +0000  308128 bytes for ./Italian.dct
2025-09-08 12:59:00 +0000  copying file ./Portuguese.dct ... 
2025-09-08 12:59:00 +0000  185563 bytes for ./Portuguese.dct
2025-09-08 12:59:00 +0000  copying file ./Dutch.dct ... 
2025-09-08 12:59:00 +0000  434566 bytes for ./Dutch.dct
2025-09-08 12:59:00 +0000  copying file ./XLForm.bundle/forwardarrow@2x.png ... 
2025-09-08 12:59:00 +0000  1559 bytes for ./XLForm.bundle/forwardarrow@2x.png
2025-09-08 12:59:00 +0000  copying file ./Base.lproj/LaunchScreen.storyboardc/01J-lp-oVM-view-Ze5-6b-2t3.nib/objects-11.0+.nib ... 
2025-09-08 12:59:00 +0000  2510 bytes for ./Base.lproj/LaunchScreen.storyboardc/01J-lp-oVM-view-Ze5-6b-2t3.nib/objects-11.0+.nib
2025-09-08 12:59:00 +0000  copying file ./Base.lproj/LaunchScreen.storyboardc/01J-lp-oVM-view-Ze5-6b-2t3.nib/runtime.nib ... 
2025-09-08 12:59:00 +0000  2635 bytes for ./Base.lproj/LaunchScreen.storyboardc/01J-lp-oVM-view-Ze5-6b-2t3.nib/runtime.nib
2025-09-08 12:59:00 +0000  copying file ./Base.lproj/LaunchScreen.storyboardc/UIViewController-01J-lp-oVM.nib/objects-11.0+.nib ... 
2025-09-08 12:59:00 +0000  924 bytes for ./Base.lproj/LaunchScreen.storyboardc/UIViewController-01J-lp-oVM.nib/objects-11.0+.nib
2025-09-08 12:59:00 +0000  copying file ./Base.lproj/LaunchScreen.storyboardc/UIViewController-01J-lp-oVM.nib/runtime.nib ... 
2025-09-08 12:59:00 +0000  924 bytes for ./Base.lproj/LaunchScreen.storyboardc/UIViewController-01J-lp-oVM.nib/runtime.nib
2025-09-08 12:59:00 +0000  copying file ./Base.lproj/LaunchScreen.storyboardc/Info.plist ... 
2025-09-08 12:59:00 +0000  258 bytes for ./Base.lproj/LaunchScreen.storyboardc/Info.plist
2025-09-08 12:59:00 +0000  copying file ./German.dct ... 
2025-09-08 12:59:00 +0000  510893 bytes for ./German.dct
2025-09-08 12:59:00 +0000  copying file ./Indonesian.dct ... 
2025-09-08 12:59:00 +0000  260288 bytes for ./Indonesian.dct
2025-09-08 12:59:00 +0000  copying file ./Norwegian.dct ... 
2025-09-08 12:59:00 +0000  550136 bytes for ./Norwegian.dct
2025-09-08 12:59:00 +0000  copying file ./Main.storyboardc/kgH-WO-0DQ-view-T75-fs-i9g.nib/objects-11.0+.nib ... 
2025-09-08 12:59:00 +0000  9439 bytes for ./Main.storyboardc/kgH-WO-0DQ-view-T75-fs-i9g.nib/objects-11.0+.nib
2025-09-08 12:59:00 +0000  copying file ./Main.storyboardc/kgH-WO-0DQ-view-T75-fs-i9g.nib/runtime.nib ... 
2025-09-08 12:59:00 +0000  9632 bytes for ./Main.storyboardc/kgH-WO-0DQ-view-T75-fs-i9g.nib/runtime.nib
2025-09-08 12:59:00 +0000  copying file ./Main.storyboardc/jqm-QJ-yFa-view-B9e-Kc-ErE.nib/objects-11.0+.nib ... 
2025-09-08 12:59:00 +0000  8746 bytes for ./Main.storyboardc/jqm-QJ-yFa-view-B9e-Kc-ErE.nib/objects-11.0+.nib
2025-09-08 12:59:00 +0000  copying file ./Main.storyboardc/jqm-QJ-yFa-view-B9e-Kc-ErE.nib/runtime.nib ... 
2025-09-08 12:59:00 +0000  8938 bytes for ./Main.storyboardc/jqm-QJ-yFa-view-B9e-Kc-ErE.nib/runtime.nib
2025-09-08 12:59:00 +0000  copying file ./Main.storyboardc/SavedInspectionViewController.nib/objects-11.0+.nib ... 
2025-09-08 12:59:00 +0000  1274 bytes for ./Main.storyboardc/SavedInspectionViewController.nib/objects-11.0+.nib
2025-09-08 12:59:00 +0000  copying file ./Main.storyboardc/SavedInspectionViewController.nib/runtime.nib ... 
2025-09-08 12:59:00 +0000  1274 bytes for ./Main.storyboardc/SavedInspectionViewController.nib/runtime.nib
2025-09-08 12:59:00 +0000  copying file ./Main.storyboardc/SortByViewController.nib/objects-11.0+.nib ... 
2025-09-08 12:59:00 +0000  1120 bytes for ./Main.storyboardc/SortByViewController.nib/objects-11.0+.nib
2025-09-08 12:59:00 +0000  copying file ./Main.storyboardc/SortByViewController.nib/runtime.nib ... 
2025-09-08 12:59:00 +0000  1120 bytes for ./Main.storyboardc/SortByViewController.nib/runtime.nib
2025-09-08 12:59:00 +0000  copying file ./Main.storyboardc/GeK-bh-6O3-view-Tsi-lZ-ein.nib/objects-11.0+.nib ... 
2025-09-08 12:59:00 +0000  24401 bytes for ./Main.storyboardc/GeK-bh-6O3-view-Tsi-lZ-ein.nib/objects-11.0+.nib
2025-09-08 12:59:00 +0000  copying file ./Main.storyboardc/GeK-bh-6O3-view-Tsi-lZ-ein.nib/runtime.nib ... 
2025-09-08 12:59:00 +0000  24667 bytes for ./Main.storyboardc/GeK-bh-6O3-view-Tsi-lZ-ein.nib/runtime.nib
2025-09-08 12:59:00 +0000  copying file ./Main.storyboardc/UINavigationController-6gm-e4-2rc.nib/objects-11.0+.nib ... 
2025-09-08 12:59:00 +0000  2415 bytes for ./Main.storyboardc/UINavigationController-6gm-e4-2rc.nib/objects-11.0+.nib
2025-09-08 12:59:00 +0000  copying file ./Main.storyboardc/UINavigationController-6gm-e4-2rc.nib/runtime.nib ... 
2025-09-08 12:59:00 +0000  2415 bytes for ./Main.storyboardc/UINavigationController-6gm-e4-2rc.nib/runtime.nib
2025-09-08 12:59:00 +0000  copying file ./Main.storyboardc/AAb-K4-U4A-view-GwS-t4-jEj.nib/objects-11.0+.nib ... 
2025-09-08 12:59:00 +0000  8414 bytes for ./Main.storyboardc/AAb-K4-U4A-view-GwS-t4-jEj.nib/objects-11.0+.nib
2025-09-08 12:59:00 +0000  copying file ./Main.storyboardc/AAb-K4-U4A-view-GwS-t4-jEj.nib/runtime.nib ... 
2025-09-08 12:59:00 +0000  8659 bytes for ./Main.storyboardc/AAb-K4-U4A-view-GwS-t4-jEj.nib/runtime.nib
2025-09-08 12:59:00 +0000  copying file ./Main.storyboardc/UIViewController-nqx-0A-U7t.nib/objects-11.0+.nib ... 
2025-09-08 12:59:00 +0000  761 bytes for ./Main.storyboardc/UIViewController-nqx-0A-U7t.nib/objects-11.0+.nib
2025-09-08 12:59:00 +0000  copying file ./Main.storyboardc/UIViewController-nqx-0A-U7t.nib/runtime.nib ... 
2025-09-08 12:59:00 +0000  761 bytes for ./Main.storyboardc/UIViewController-nqx-0A-U7t.nib/runtime.nib
2025-09-08 12:59:00 +0000  copying file ./Main.storyboardc/f8v-kv-eye-view-C17-tr-4J0.nib/objects-11.0+.nib ... 
2025-09-08 12:59:00 +0000  2516 bytes for ./Main.storyboardc/f8v-kv-eye-view-C17-tr-4J0.nib/objects-11.0+.nib
2025-09-08 12:59:00 +0000  copying file ./Main.storyboardc/f8v-kv-eye-view-C17-tr-4J0.nib/runtime.nib ... 
2025-09-08 12:59:00 +0000  2642 bytes for ./Main.storyboardc/f8v-kv-eye-view-C17-tr-4J0.nib/runtime.nib
2025-09-08 12:59:00 +0000  copying file ./Main.storyboardc/InspectionViewController.nib/objects-11.0+.nib ... 
2025-09-08 12:59:00 +0000  1717 bytes for ./Main.storyboardc/InspectionViewController.nib/objects-11.0+.nib
2025-09-08 12:59:00 +0000  copying file ./Main.storyboardc/InspectionViewController.nib/runtime.nib ... 
2025-09-08 12:59:00 +0000  1717 bytes for ./Main.storyboardc/InspectionViewController.nib/runtime.nib
2025-09-08 12:59:00 +0000  copying file ./Main.storyboardc/LoginViewController.nib/objects-11.0+.nib ... 
2025-09-08 12:59:00 +0000  1587 bytes for ./Main.storyboardc/LoginViewController.nib/objects-11.0+.nib
2025-09-08 12:59:00 +0000  copying file ./Main.storyboardc/LoginViewController.nib/runtime.nib ... 
2025-09-08 12:59:00 +0000  1587 bytes for ./Main.storyboardc/LoginViewController.nib/runtime.nib
2025-09-08 12:59:00 +0000  copying file ./Main.storyboardc/BYZ-38-t0r-view-8bC-Xf-vdC.nib/objects-11.0+.nib ... 
2025-09-08 12:59:00 +0000  12542 bytes for ./Main.storyboardc/BYZ-38-t0r-view-8bC-Xf-vdC.nib/objects-11.0+.nib
2025-09-08 12:59:00 +0000  copying file ./Main.storyboardc/BYZ-38-t0r-view-8bC-Xf-vdC.nib/runtime.nib ... 
2025-09-08 12:59:00 +0000  12658 bytes for ./Main.storyboardc/BYZ-38-t0r-view-8bC-Xf-vdC.nib/runtime.nib
2025-09-08 12:59:00 +0000  copying file ./Main.storyboardc/DateSortViewController.nib/objects-11.0+.nib ... 
2025-09-08 12:59:00 +0000  1020 bytes for ./Main.storyboardc/DateSortViewController.nib/objects-11.0+.nib
2025-09-08 12:59:00 +0000  copying file ./Main.storyboardc/DateSortViewController.nib/runtime.nib ... 
2025-09-08 12:59:00 +0000  1020 bytes for ./Main.storyboardc/DateSortViewController.nib/runtime.nib
2025-09-08 12:59:00 +0000  copying file ./Main.storyboardc/UINavigationController-RYb-nk-ZRV.nib/objects-11.0+.nib ... 
2025-09-08 12:59:00 +0000  2297 bytes for ./Main.storyboardc/UINavigationController-RYb-nk-ZRV.nib/objects-11.0+.nib
2025-09-08 12:59:00 +0000  copying file ./Main.storyboardc/UINavigationController-RYb-nk-ZRV.nib/runtime.nib ... 
2025-09-08 12:59:00 +0000  2297 bytes for ./Main.storyboardc/UINavigationController-RYb-nk-ZRV.nib/runtime.nib
2025-09-08 12:59:00 +0000  copying file ./Main.storyboardc/Info.plist ... 
2025-09-08 12:59:00 +0000  867 bytes for ./Main.storyboardc/Info.plist
2025-09-08 12:59:00 +0000  copying file ./Assets.car ... 
2025-09-08 12:59:00 +0000  884840 bytes for ./Assets.car
2025-09-08 12:59:00 +0000  copying file ./AppIcon40x40@2x~ipad.png ... 
2025-09-08 12:59:00 +0000  5512 bytes for ./AppIcon40x40@2x~ipad.png
2025-09-08 12:59:00 +0000  copying file ./Inspection.storyboardc/CustomCameraViewController.nib/objects-11.0+.nib ... 
2025-09-08 12:59:00 +0000  1495 bytes for ./Inspection.storyboardc/CustomCameraViewController.nib/objects-11.0+.nib
2025-09-08 12:59:00 +0000  copying file ./Inspection.storyboardc/CustomCameraViewController.nib/runtime.nib ... 
2025-09-08 12:59:00 +0000  1495 bytes for ./Inspection.storyboardc/CustomCameraViewController.nib/runtime.nib
2025-09-08 12:59:00 +0000  copying file ./Inspection.storyboardc/CustomCameraViewController.nib/objects-12.3+.nib ... 
2025-09-08 12:59:00 +0000  1495 bytes for ./Inspection.storyboardc/CustomCameraViewController.nib/objects-12.3+.nib
2025-09-08 12:59:00 +0000  copying file ./Inspection.storyboardc/CustomCameraViewController.nib/objects-14.0+.nib ... 
2025-09-08 12:59:00 +0000  1495 bytes for ./Inspection.storyboardc/CustomCameraViewController.nib/objects-14.0+.nib
2025-09-08 12:59:00 +0000  copying file ./Inspection.storyboardc/InspectionDetailsViewController.nib/objects-11.0+.nib ... 
2025-09-08 12:59:00 +0000  1708 bytes for ./Inspection.storyboardc/InspectionDetailsViewController.nib/objects-11.0+.nib
2025-09-08 12:59:00 +0000  copying file ./Inspection.storyboardc/InspectionDetailsViewController.nib/runtime.nib ... 
2025-09-08 12:59:00 +0000  1708 bytes for ./Inspection.storyboardc/InspectionDetailsViewController.nib/runtime.nib
2025-09-08 12:59:00 +0000  copying file ./Inspection.storyboardc/InspectionDetailsViewController.nib/objects-12.3+.nib ... 
2025-09-08 12:59:00 +0000  1708 bytes for ./Inspection.storyboardc/InspectionDetailsViewController.nib/objects-12.3+.nib
2025-09-08 12:59:00 +0000  copying file ./Inspection.storyboardc/InspectionDetailsViewController.nib/objects-14.0+.nib ... 
2025-09-08 12:59:00 +0000  1708 bytes for ./Inspection.storyboardc/InspectionDetailsViewController.nib/objects-14.0+.nib
2025-09-08 12:59:00 +0000  copying file ./Inspection.storyboardc/SpecialInstructionsPopOverViewController.nib/objects-11.0+.nib ... 
2025-09-08 12:59:00 +0000  1038 bytes for ./Inspection.storyboardc/SpecialInstructionsPopOverViewController.nib/objects-11.0+.nib
2025-09-08 12:59:00 +0000  copying file ./Inspection.storyboardc/SpecialInstructionsPopOverViewController.nib/runtime.nib ... 
2025-09-08 12:59:00 +0000  1038 bytes for ./Inspection.storyboardc/SpecialInstructionsPopOverViewController.nib/runtime.nib
2025-09-08 12:59:00 +0000  copying file ./Inspection.storyboardc/SpecialInstructionsPopOverViewController.nib/objects-12.3+.nib ... 
2025-09-08 12:59:00 +0000  1038 bytes for ./Inspection.storyboardc/SpecialInstructionsPopOverViewController.nib/objects-12.3+.nib
2025-09-08 12:59:00 +0000  copying file ./Inspection.storyboardc/SpecialInstructionsPopOverViewController.nib/objects-14.0+.nib ... 
2025-09-08 12:59:00 +0000  1038 bytes for ./Inspection.storyboardc/SpecialInstructionsPopOverViewController.nib/objects-14.0+.nib
2025-09-08 12:59:00 +0000  copying file ./Inspection.storyboardc/eLf-y0-pXG-view-0Gz-oJ-WbT.nib/objects-11.0+.nib ... 
2025-09-08 12:59:00 +0000  2412 bytes for ./Inspection.storyboardc/eLf-y0-pXG-view-0Gz-oJ-WbT.nib/objects-11.0+.nib
2025-09-08 12:59:00 +0000  copying file ./Inspection.storyboardc/eLf-y0-pXG-view-0Gz-oJ-WbT.nib/runtime.nib ... 
2025-09-08 12:59:00 +0000  2538 bytes for ./Inspection.storyboardc/eLf-y0-pXG-view-0Gz-oJ-WbT.nib/runtime.nib
copying file ./Inspection.storyboardc/eLf-y0-pXG-view-0Gz-oJ-WbT.nib/objects-12.3+.nib ... 
2025-09-08 12:59:00 +0000  2412 bytes for ./Inspection.storyboardc/eLf-y0-pXG-view-0Gz-oJ-WbT.nib/objects-12.3+.nib
2025-09-08 12:59:00 +0000  copying file ./Inspection.storyboardc/eLf-y0-pXG-view-0Gz-oJ-WbT.nib/objects-14.0+.nib ... 
2025-09-08 12:59:00 +0000  2412 bytes for ./Inspection.storyboardc/eLf-y0-pXG-view-0Gz-oJ-WbT.nib/objects-14.0+.nib
2025-09-08 12:59:00 +0000  copying file ./Inspection.storyboardc/nFo-KM-cxQ-view-bEp-Ss-I6f.nib/objects-11.0+.nib ... 
2025-09-08 12:59:00 +0000  10536 bytes for ./Inspection.storyboardc/nFo-KM-cxQ-view-bEp-Ss-I6f.nib/objects-11.0+.nib
2025-09-08 12:59:00 +0000  copying file ./Inspection.storyboardc/nFo-KM-cxQ-view-bEp-Ss-I6f.nib/runtime.nib ... 
2025-09-08 12:59:00 +0000  10653 bytes for ./Inspection.storyboardc/nFo-KM-cxQ-view-bEp-Ss-I6f.nib/runtime.nib
2025-09-08 12:59:00 +0000  copying file ./Inspection.storyboardc/nFo-KM-cxQ-view-bEp-Ss-I6f.nib/objects-12.3+.nib ... 
2025-09-08 12:59:00 +0000  10536 bytes for ./Inspection.storyboardc/nFo-KM-cxQ-view-bEp-Ss-I6f.nib/objects-12.3+.nib
2025-09-08 12:59:00 +0000  copying file ./Inspection.storyboardc/nFo-KM-cxQ-view-bEp-Ss-I6f.nib/objects-14.0+.nib ... 
2025-09-08 12:59:00 +0000  10536 bytes for ./Inspection.storyboardc/nFo-KM-cxQ-view-bEp-Ss-I6f.nib/objects-14.0+.nib
2025-09-08 12:59:00 +0000  copying file ./Inspection.storyboardc/pBu-44-Rzt-view-6Yd-Qo-I3k.nib/objects-11.0+.nib ... 
2025-09-08 12:59:00 +0000  23086 bytes for ./Inspection.storyboardc/pBu-44-Rzt-view-6Yd-Qo-I3k.nib/objects-11.0+.nib
2025-09-08 12:59:00 +0000  copying file ./Inspection.storyboardc/pBu-44-Rzt-view-6Yd-Qo-I3k.nib/runtime.nib ... 
2025-09-08 12:59:00 +0000  23211 bytes for ./Inspection.storyboardc/pBu-44-Rzt-view-6Yd-Qo-I3k.nib/runtime.nib
2025-09-08 12:59:00 +0000  copying file ./Inspection.storyboardc/pBu-44-Rzt-view-6Yd-Qo-I3k.nib/objects-12.3+.nib ... 
2025-09-08 12:59:00 +0000  23086 bytes for ./Inspection.storyboardc/pBu-44-Rzt-view-6Yd-Qo-I3k.nib/objects-12.3+.nib
2025-09-08 12:59:00 +0000  copying file ./Inspection.storyboardc/pBu-44-Rzt-view-6Yd-Qo-I3k.nib/objects-14.0+.nib ... 
2025-09-08 12:59:00 +0000  23086 bytes for ./Inspection.storyboardc/pBu-44-Rzt-view-6Yd-Qo-I3k.nib/objects-14.0+.nib
2025-09-08 12:59:00 +0000  copying file ./Inspection.storyboardc/AddAttachmentViewController.nib/objects-11.0+.nib ... 
2025-09-08 12:59:00 +0000  1701 bytes for ./Inspection.storyboardc/AddAttachmentViewController.nib/objects-11.0+.nib
2025-09-08 12:59:00 +0000  copying file ./Inspection.storyboardc/AddAttachmentViewController.nib/runtime.nib ... 
2025-09-08 12:59:00 +0000  1701 bytes for ./Inspection.storyboardc/AddAttachmentViewController.nib/runtime.nib
2025-09-08 12:59:00 +0000  copying file ./Inspection.storyboardc/AddAttachmentViewController.nib/objects-12.3+.nib ... 
2025-09-08 12:59:00 +0000  1701 bytes for ./Inspection.storyboardc/AddAttachmentViewController.nib/objects-12.3+.nib
2025-09-08 12:59:00 +0000  copying file ./Inspection.storyboardc/AddAttachmentViewController.nib/objects-14.0+.nib ... 
2025-09-08 12:59:00 +0000  1701 bytes for ./Inspection.storyboardc/AddAttachmentViewController.nib/objects-14.0+.nib
2025-09-08 12:59:00 +0000  copying file ./Inspection.storyboardc/UIViewController-eLf-y0-pXG.nib/objects-11.0+.nib ... 
2025-09-08 12:59:00 +0000  1099 bytes for ./Inspection.storyboardc/UIViewController-eLf-y0-pXG.nib/objects-11.0+.nib
2025-09-08 12:59:00 +0000  copying file ./Inspection.storyboardc/UIViewController-eLf-y0-pXG.nib/runtime.nib ... 
2025-09-08 12:59:00 +0000  1099 bytes for ./Inspection.storyboardc/UIViewController-eLf-y0-pXG.nib/runtime.nib
2025-09-08 12:59:00 +0000  copying file ./Inspection.storyboardc/UIViewController-eLf-y0-pXG.nib/objects-12.3+.nib ... 
2025-09-08 12:59:00 +0000  1099 bytes for ./Inspection.storyboardc/UIViewController-eLf-y0-pXG.nib/objects-12.3+.nib
2025-09-08 12:59:00 +0000  copying file ./Inspection.storyboardc/UIViewController-eLf-y0-pXG.nib/objects-14.0+.nib ... 
2025-09-08 12:59:00 +0000  1099 bytes for ./Inspection.storyboardc/UIViewController-eLf-y0-pXG.nib/objects-14.0+.nib
2025-09-08 12:59:00 +0000  copying file ./Inspection.storyboardc/UINavigationController-huq-ec-Em6.nib/objects-11.0+.nib ... 
2025-09-08 12:59:00 +0000  2396 bytes for ./Inspection.storyboardc/UINavigationController-huq-ec-Em6.nib/objects-11.0+.nib
2025-09-08 12:59:00 +0000  copying file ./Inspection.storyboardc/UINavigationController-huq-ec-Em6.nib/runtime.nib ... 
2025-09-08 12:59:00 +0000  2396 bytes for ./Inspection.storyboardc/UINavigationController-huq-ec-Em6.nib/runtime.nib
2025-09-08 12:59:00 +0000  copying file ./Inspection.storyboardc/UINavigationController-huq-ec-Em6.nib/objects-12.3+.nib ... 
2025-09-08 12:59:00 +0000  2396 bytes for ./Inspection.storyboardc/UINavigationController-huq-ec-Em6.nib/objects-12.3+.nib
2025-09-08 12:59:00 +0000  copying file ./Inspection.storyboardc/UINavigationController-huq-ec-Em6.nib/objects-14.0+.nib ... 
2025-09-08 12:59:00 +0000  2396 bytes for ./Inspection.storyboardc/UINavigationController-huq-ec-Em6.nib/objects-14.0+.nib
2025-09-08 12:59:00 +0000  copying file ./Inspection.storyboardc/Kqv-dm-DdS-view-FPE-Bt-BDE.nib/objects-11.0+.nib ... 
2025-09-08 12:59:00 +0000  63720 bytes for ./Inspection.storyboardc/Kqv-dm-DdS-view-FPE-Bt-BDE.nib/objects-11.0+.nib
2025-09-08 12:59:00 +0000  copying file ./Inspection.storyboardc/Kqv-dm-DdS-view-FPE-Bt-BDE.nib/runtime.nib ... 
2025-09-08 12:59:00 +0000  63986 bytes for ./Inspection.storyboardc/Kqv-dm-DdS-view-FPE-Bt-BDE.nib/runtime.nib
2025-09-08 12:59:00 +0000  copying file ./Inspection.storyboardc/Kqv-dm-DdS-view-FPE-Bt-BDE.nib/objects-12.3+.nib ... 
2025-09-08 12:59:00 +0000  63720 bytes for ./Inspection.storyboardc/Kqv-dm-DdS-view-FPE-Bt-BDE.nib/objects-12.3+.nib
2025-09-08 12:59:00 +0000  copying file ./Inspection.storyboardc/Kqv-dm-DdS-view-FPE-Bt-BDE.nib/objects-14.0+.nib ... 
2025-09-08 12:59:00 +0000  63720 bytes for ./Inspection.storyboardc/Kqv-dm-DdS-view-FPE-Bt-BDE.nib/objects-14.0+.nib
2025-09-08 12:59:00 +0000  copying file ./Inspection.storyboardc/ar4-Q1-tYZ-view-wM5-rP-AIY.nib/objects-11.0+.nib ... 
2025-09-08 12:59:00 +0000  3612 bytes for ./Inspection.storyboardc/ar4-Q1-tYZ-view-wM5-rP-AIY.nib/objects-11.0+.nib
2025-09-08 12:59:00 +0000  copying file ./Inspection.storyboardc/ar4-Q1-tYZ-view-wM5-rP-AIY.nib/runtime.nib ... 
2025-09-08 12:59:00 +0000  3738 bytes for ./Inspection.storyboardc/ar4-Q1-tYZ-view-wM5-rP-AIY.nib/runtime.nib
2025-09-08 12:59:00 +0000  copying file ./Inspection.storyboardc/ar4-Q1-tYZ-view-wM5-rP-AIY.nib/objects-12.3+.nib ... 
2025-09-08 12:59:00 +0000  3612 bytes for ./Inspection.storyboardc/ar4-Q1-tYZ-view-wM5-rP-AIY.nib/objects-12.3+.nib
2025-09-08 12:59:00 +0000  copying file ./Inspection.storyboardc/ar4-Q1-tYZ-view-wM5-rP-AIY.nib/objects-14.0+.nib ... 
2025-09-08 12:59:00 +0000  3612 bytes for ./Inspection.storyboardc/ar4-Q1-tYZ-view-wM5-rP-AIY.nib/objects-14.0+.nib
2025-09-08 12:59:00 +0000  copying file ./Inspection.storyboardc/BuildingEnvelopeViewController.nib/objects-11.0+.nib ... 
2025-09-08 12:59:00 +0000  1394 bytes for ./Inspection.storyboardc/BuildingEnvelopeViewController.nib/objects-11.0+.nib
2025-09-08 12:59:00 +0000  copying file ./Inspection.storyboardc/BuildingEnvelopeViewController.nib/runtime.nib ... 
2025-09-08 12:59:00 +0000  1394 bytes for ./Inspection.storyboardc/BuildingEnvelopeViewController.nib/runtime.nib
2025-09-08 12:59:00 +0000  copying file ./Inspection.storyboardc/BuildingEnvelopeViewController.nib/objects-12.3+.nib ... 
2025-09-08 12:59:00 +0000  1394 bytes for ./Inspection.storyboardc/BuildingEnvelopeViewController.nib/objects-12.3+.nib
2025-09-08 12:59:00 +0000  copying file ./Inspection.storyboardc/BuildingEnvelopeViewController.nib/objects-14.0+.nib ... 
2025-09-08 12:59:00 +0000  1394 bytes for ./Inspection.storyboardc/BuildingEnvelopeViewController.nib/objects-14.0+.nib
2025-09-08 12:59:00 +0000  copying file ./Inspection.storyboardc/fzT-D2-Fpz-view-0zn-ks-mIu.nib/objects-11.0+.nib ... 
2025-09-08 12:59:00 +0000  65445 bytes for ./Inspection.storyboardc/fzT-D2-Fpz-view-0zn-ks-mIu.nib/objects-11.0+.nib
2025-09-08 12:59:00 +0000  copying file ./Inspection.storyboardc/fzT-D2-Fpz-view-0zn-ks-mIu.nib/runtime.nib ... 
2025-09-08 12:59:00 +0000  66163 bytes for ./Inspection.storyboardc/fzT-D2-Fpz-view-0zn-ks-mIu.nib/runtime.nib
2025-09-08 12:59:00 +0000  copying file ./Inspection.storyboardc/fzT-D2-Fpz-view-0zn-ks-mIu.nib/objects-12.3+.nib ... 
2025-09-08 12:59:00 +0000  65445 bytes for ./Inspection.storyboardc/fzT-D2-Fpz-view-0zn-ks-mIu.nib/objects-12.3+.nib
2025-09-08 12:59:00 +0000  copying file ./Inspection.storyboardc/fzT-D2-Fpz-view-0zn-ks-mIu.nib/objects-14.0+.nib ... 
2025-09-08 12:59:00 +0000  65445 bytes for ./Inspection.storyboardc/fzT-D2-Fpz-view-0zn-ks-mIu.nib/objects-14.0+.nib
2025-09-08 12:59:00 +0000  copying file ./Inspection.storyboardc/RmO-nz-hzC-view-l3t-oB-gxW.nib/objects-11.0+.nib ... 
2025-09-08 12:59:00 +0000  11691 bytes for ./Inspection.storyboardc/RmO-nz-hzC-view-l3t-oB-gxW.nib/objects-11.0+.nib
2025-09-08 12:59:00 +0000  copying file ./Inspection.storyboardc/RmO-nz-hzC-view-l3t-oB-gxW.nib/runtime.nib ... 
2025-09-08 12:59:00 +0000  11936 bytes for ./Inspection.storyboardc/RmO-nz-hzC-view-l3t-oB-gxW.nib/runtime.nib
2025-09-08 12:59:00 +0000  copying file ./Inspection.storyboardc/RmO-nz-hzC-view-l3t-oB-gxW.nib/objects-12.3+.nib ... 
2025-09-08 12:59:00 +0000  11920 bytes for ./Inspection.storyboardc/RmO-nz-hzC-view-l3t-oB-gxW.nib/objects-12.3+.nib
2025-09-08 12:59:00 +0000  copying file ./Inspection.storyboardc/RmO-nz-hzC-view-l3t-oB-gxW.nib/objects-14.0+.nib ... 
2025-09-08 12:59:00 +0000  11920 bytes for ./Inspection.storyboardc/RmO-nz-hzC-view-l3t-oB-gxW.nib/objects-14.0+.nib
2025-09-08 12:59:00 +0000  copying file ./Inspection.storyboardc/VrA-ty-3YO-view-N14-ij-C6N.nib/objects-11.0+.nib ... 
2025-09-08 12:59:00 +0000  54590 bytes for ./Inspection.storyboardc/VrA-ty-3YO-view-N14-ij-C6N.nib/objects-11.0+.nib
2025-09-08 12:59:00 +0000  copying file ./Inspection.storyboardc/VrA-ty-3YO-view-N14-ij-C6N.nib/runtime.nib ... 
2025-09-08 12:59:00 +0000  54857 bytes for ./Inspection.storyboardc/VrA-ty-3YO-view-N14-ij-C6N.nib/runtime.nib
2025-09-08 12:59:00 +0000  copying file ./Inspection.storyboardc/VrA-ty-3YO-view-N14-ij-C6N.nib/objects-12.3+.nib ... 
2025-09-08 12:59:00 +0000  55045 bytes for ./Inspection.storyboardc/VrA-ty-3YO-view-N14-ij-C6N.nib/objects-12.3+.nib
2025-09-08 12:59:00 +0000  copying file ./Inspection.storyboardc/VrA-ty-3YO-view-N14-ij-C6N.nib/objects-14.0+.nib ... 
2025-09-08 12:59:00 +0000  55045 bytes for ./Inspection.storyboardc/VrA-ty-3YO-view-N14-ij-C6N.nib/objects-14.0+.nib
2025-09-08 12:59:00 +0000  copying file ./Inspection.storyboardc/HVACViewController.nib/objects-11.0+.nib ... 
2025-09-08 12:59:00 +0000  1369 bytes for ./Inspection.storyboardc/HVACViewController.nib/objects-11.0+.nib
2025-09-08 12:59:00 +0000  copying file ./Inspection.storyboardc/HVACViewController.nib/runtime.nib ... 
2025-09-08 12:59:00 +0000  1369 bytes for ./Inspection.storyboardc/HVACViewController.nib/runtime.nib
2025-09-08 12:59:00 +0000  copying file ./Inspection.storyboardc/HVACViewController.nib/objects-12.3+.nib ... 
2025-09-08 12:59:00 +0000  1369 bytes for ./Inspection.storyboardc/HVACViewController.nib/objects-12.3+.nib
2025-09-08 12:59:00 +0000  copying file ./Inspection.storyboardc/HVACViewController.nib/objects-14.0+.nib ... 
2025-09-08 12:59:00 +0000  1369 bytes for ./Inspection.storyboardc/HVACViewController.nib/objects-14.0+.nib
2025-09-08 12:59:00 +0000  copying file ./Inspection.storyboardc/LightingViewController.nib/objects-11.0+.nib ... 
2025-09-08 12:59:00 +0000  1377 bytes for ./Inspection.storyboardc/LightingViewController.nib/objects-11.0+.nib
2025-09-08 12:59:00 +0000  copying file ./Inspection.storyboardc/LightingViewController.nib/runtime.nib ... 
2025-09-08 12:59:00 +0000  1377 bytes for ./Inspection.storyboardc/LightingViewController.nib/runtime.nib
2025-09-08 12:59:00 +0000  copying file ./Inspection.storyboardc/LightingViewController.nib/objects-12.3+.nib ... 
2025-09-08 12:59:00 +0000  1377 bytes for ./Inspection.storyboardc/LightingViewController.nib/objects-12.3+.nib
2025-09-08 12:59:00 +0000  copying file ./Inspection.storyboardc/LightingViewController.nib/objects-14.0+.nib ... 
2025-09-08 12:59:00 +0000  1377 bytes for ./Inspection.storyboardc/LightingViewController.nib/objects-14.0+.nib
2025-09-08 12:59:00 +0000  copying file ./Inspection.storyboardc/InspectionSubmissionConfirmationViewController.nib/objects-11.0+.nib ... 
2025-09-08 12:59:00 +0000  1098 bytes for ./Inspection.storyboardc/InspectionSubmissionConfirmationViewController.nib/objects-11.0+.nib
2025-09-08 12:59:00 +0000  copying file ./Inspection.storyboardc/InspectionSubmissionConfirmationViewController.nib/runtime.nib ... 
2025-09-08 12:59:00 +0000  1098 bytes for ./Inspection.storyboardc/InspectionSubmissionConfirmationViewController.nib/runtime.nib
2025-09-08 12:59:00 +0000  copying file ./Inspection.storyboardc/InspectionSubmissionConfirmationViewController.nib/objects-12.3+.nib ... 
2025-09-08 12:59:00 +0000  1098 bytes for ./Inspection.storyboardc/InspectionSubmissionConfirmationViewController.nib/objects-12.3+.nib
2025-09-08 12:59:00 +0000  copying file ./Inspection.storyboardc/InspectionSubmissionConfirmationViewController.nib/objects-14.0+.nib ... 
2025-09-08 12:59:00 +0000  1098 bytes for ./Inspection.storyboardc/InspectionSubmissionConfirmationViewController.nib/objects-14.0+.nib
2025-09-08 12:59:00 +0000  copying file ./Inspection.storyboardc/WpM-ki-vnf-view-IcD-vX-f2G.nib/objects-11.0+.nib ... 
2025-09-08 12:59:00 +0000  54613 bytes for ./Inspection.storyboardc/WpM-ki-vnf-view-IcD-vX-f2G.nib/objects-11.0+.nib
2025-09-08 12:59:00 +0000  copying file ./Inspection.storyboardc/WpM-ki-vnf-view-IcD-vX-f2G.nib/runtime.nib ... 
2025-09-08 12:59:00 +0000  54880 bytes for ./Inspection.storyboardc/WpM-ki-vnf-view-IcD-vX-f2G.nib/runtime.nib
2025-09-08 12:59:00 +0000  copying file ./Inspection.storyboardc/WpM-ki-vnf-view-IcD-vX-f2G.nib/objects-12.3+.nib ... 
2025-09-08 12:59:00 +0000  55068 bytes for ./Inspection.storyboardc/WpM-ki-vnf-view-IcD-vX-f2G.nib/objects-12.3+.nib
2025-09-08 12:59:00 +0000  copying file ./Inspection.storyboardc/WpM-ki-vnf-view-IcD-vX-f2G.nib/objects-14.0+.nib ... 
2025-09-08 12:59:00 +0000  55068 bytes for ./Inspection.storyboardc/WpM-ki-vnf-view-IcD-vX-f2G.nib/objects-14.0+.nib
2025-09-08 12:59:00 +0000  copying file ./Inspection.storyboardc/7sr-1I-gTz-view-p1o-OM-28e.nib/objects-11.0+.nib ... 
2025-09-08 12:59:00 +0000  54537 bytes for ./Inspection.storyboardc/7sr-1I-gTz-view-p1o-OM-28e.nib/objects-11.0+.nib
2025-09-08 12:59:00 +0000  copying file ./Inspection.storyboardc/7sr-1I-gTz-view-p1o-OM-28e.nib/runtime.nib ... 
2025-09-08 12:59:00 +0000  54804 bytes for ./Inspection.storyboardc/7sr-1I-gTz-view-p1o-OM-28e.nib/runtime.nib
2025-09-08 12:59:00 +0000  copying file ./Inspection.storyboardc/7sr-1I-gTz-view-p1o-OM-28e.nib/objects-12.3+.nib ... 
2025-09-08 12:59:00 +0000  54992 bytes for ./Inspection.storyboardc/7sr-1I-gTz-view-p1o-OM-28e.nib/objects-12.3+.nib
2025-09-08 12:59:00 +0000  copying file ./Inspection.storyboardc/7sr-1I-gTz-view-p1o-OM-28e.nib/objects-14.0+.nib ... 
2025-09-08 12:59:00 +0000  54992 bytes for ./Inspection.storyboardc/7sr-1I-gTz-view-p1o-OM-28e.nib/objects-14.0+.nib
2025-09-08 12:59:00 +0000  copying file ./Inspection.storyboardc/GeneralNotesViewController.nib/objects-11.0+.nib ... 
2025-09-08 12:59:00 +0000  1110 bytes for ./Inspection.storyboardc/GeneralNotesViewController.nib/objects-11.0+.nib
2025-09-08 12:59:00 +0000  copying file ./Inspection.storyboardc/GeneralNotesViewController.nib/runtime.nib ... 
2025-09-08 12:59:00 +0000  1110 bytes for ./Inspection.storyboardc/GeneralNotesViewController.nib/runtime.nib
2025-09-08 12:59:00 +0000  copying file ./Inspection.storyboardc/GeneralNotesViewController.nib/objects-12.3+.nib ... 
2025-09-08 12:59:00 +0000  1110 bytes for ./Inspection.storyboardc/GeneralNotesViewController.nib/objects-12.3+.nib
2025-09-08 12:59:00 +0000  copying file ./Inspection.storyboardc/GeneralNotesViewController.nib/objects-14.0+.nib ... 
2025-09-08 12:59:00 +0000  1110 bytes for ./Inspection.storyboardc/GeneralNotesViewController.nib/objects-14.0+.nib
2025-09-08 12:59:00 +0000  copying file ./Inspection.storyboardc/XQl-IE-pZF-view-Gou-ig-vPq.nib/objects-11.0+.nib ... 
2025-09-08 12:59:00 +0000  35473 bytes for ./Inspection.storyboardc/XQl-IE-pZF-view-Gou-ig-vPq.nib/objects-11.0+.nib
2025-09-08 12:59:00 +0000  copying file ./Inspection.storyboardc/XQl-IE-pZF-view-Gou-ig-vPq.nib/runtime.nib ... 
2025-09-08 12:59:00 +0000  35599 bytes for ./Inspection.storyboardc/XQl-IE-pZF-view-Gou-ig-vPq.nib/runtime.nib
2025-09-08 12:59:00 +0000  copying file ./Inspection.storyboardc/XQl-IE-pZF-view-Gou-ig-vPq.nib/objects-12.3+.nib ... 
2025-09-08 12:59:00 +0000  35702 bytes for ./Inspection.storyboardc/XQl-IE-pZF-view-Gou-ig-vPq.nib/objects-12.3+.nib
2025-09-08 12:59:00 +0000  copying file ./Inspection.storyboardc/XQl-IE-pZF-view-Gou-ig-vPq.nib/objects-14.0+.nib ... 
2025-09-08 12:59:00 +0000  33973 bytes for ./Inspection.storyboardc/XQl-IE-pZF-view-Gou-ig-vPq.nib/objects-14.0+.nib
2025-09-08 12:59:00 +0000  copying file ./Inspection.storyboardc/Info.plist ... 
2025-09-08 12:59:00 +0000  1033 bytes for ./Inspection.storyboardc/Info.plist
2025-09-08 12:59:00 +0000  copying file ./Inspection.storyboardc/OldInspectionDetailsViewController.nib/objects-11.0+.nib ... 
2025-09-08 12:59:00 +0000  1365 bytes for ./Inspection.storyboardc/OldInspectionDetailsViewController.nib/objects-11.0+.nib
2025-09-08 12:59:00 +0000  copying file ./Inspection.storyboardc/OldInspectionDetailsViewController.nib/runtime.nib ... 
2025-09-08 12:59:00 +0000  1365 bytes for ./Inspection.storyboardc/OldInspectionDetailsViewController.nib/runtime.nib
2025-09-08 12:59:00 +0000  copying file ./Inspection.storyboardc/OldInspectionDetailsViewController.nib/objects-12.3+.nib ... 
2025-09-08 12:59:00 +0000  1365 bytes for ./Inspection.storyboardc/OldInspectionDetailsViewController.nib/objects-12.3+.nib
2025-09-08 12:59:00 +0000  copying file ./Inspection.storyboardc/OldInspectionDetailsViewController.nib/objects-14.0+.nib ... 
2025-09-08 12:59:00 +0000  1365 bytes for ./Inspection.storyboardc/OldInspectionDetailsViewController.nib/objects-14.0+.nib
2025-09-08 12:59:00 +0000  copying file ./AppIcon76x76@2x~ipad.png ... 
2025-09-08 12:59:00 +0000  10268 bytes for ./AppIcon76x76@2x~ipad.png
2025-09-08 12:59:00 +0000  copying file ./Swedish.dct ... 
2025-09-08 12:59:00 +0000  126142 bytes for ./Swedish.dct
2025-09-08 12:59:00 +0000  copying file ./EnglishUK.dct ... 
2025-09-08 12:59:00 +0000  246451 bytes for ./EnglishUK.dct
2025-09-08 12:59:00 +0000  copying file ./AppIcon83.5x83.5@2x~ipad.png ... 
2025-09-08 12:59:00 +0000  11171 bytes for ./AppIcon83.5x83.5@2x~ipad.png
2025-09-08 12:59:00 +0000  copying file ./Finnish.dct ... 
2025-09-08 12:59:00 +0000  369810 bytes for ./Finnish.dct
2025-09-08 12:59:00 +0000  copying file ./AppIcon29x29@2x~ipad.png ... 
2025-09-08 12:59:00 +0000  3865 bytes for ./AppIcon29x29@2x~ipad.png
2025-09-08 12:59:00 +0000  copying file ./AppIcon40x40~ipad.png ... 
2025-09-08 12:59:00 +0000  2579 bytes for ./AppIcon40x40~ipad.png
2025-09-08 12:59:00 +0000  copying file ./AppIcon20x20~ipad.png ... 
2025-09-08 12:59:00 +0000  1147 bytes for ./AppIcon20x20~ipad.png
2025-09-08 12:59:00 +0000  copying file ./embedded.mobileprovision ... 
2025-09-08 12:59:00 +0000  12175 bytes for ./embedded.mobileprovision
2025-09-08 12:59:00 +0000  copying file ./French.dct ... 
2025-09-08 12:59:00 +0000  308526 bytes for ./French.dct
2025-09-08 12:59:00 +0000  copying file ./Danish.dct ... 
2025-09-08 12:59:00 +0000  289309 bytes for ./Danish.dct
2025-09-08 12:59:00 +0000  copying file ./AppIcon20x20@2x~ipad.png ... 
2025-09-08 12:59:00 +0000  2579 bytes for ./AppIcon20x20@2x~ipad.png
2025-09-08 12:59:00 +0000  copying file ./Info.plist ... 
2025-09-08 12:59:00 +0000  2039 bytes for ./Info.plist
2025-09-08 12:59:00 +0000  copying file ./PkgInfo ... 
2025-09-08 12:59:00 +0000  8 bytes for ./PkgInfo
2025-09-08 12:59:00 +0000  copying file ./AppIcon76x76~ipad.png ... 
2025-09-08 12:59:00 +0000  5318 bytes for ./AppIcon76x76~ipad.png
2025-09-08 12:59:00 +0000  /usr/bin/ditto exited with 0
2025-09-08 12:59:00 +0000  Processing step: IDEDistributionEmbedProfileStep
2025-09-08 12:59:00 +0000  Processing step: IDEDistributionInfoPlistStep
2025-09-08 12:59:00 +0000  Skipping step: IDEDistributionInfoPlistStep because it said so
2025-09-08 12:59:00 +0000  Processing step: IDEDistributionAppThinningPlistStep
2025-09-08 12:59:00 +0000  Skipping step: IDEDistributionAppThinningPlistStep because it said so
2025-09-08 12:59:00 +0000  Processing step: IDEDistributionSymbolsStep
2025-09-08 12:59:00 +0000  Skipping step: IDEDistributionSymbolsStep because it said so
2025-09-08 12:59:00 +0000  Processing step: IDEDistributionAppThinningStep
2025-09-08 12:59:00 +0000  Skipping step: IDEDistributionAppThinningStep because it said so
2025-09-08 12:59:00 +0000  Processing step: IDEDistributionArchThinningStep
2025-09-08 12:59:00 +0000  Item /Users/virendra.gupta/Library/Developer/Xcode/Archives/2025-09-08/AlliantGroup 08-09-25, 6.28 PM.xcarchive/Products/Applications/agInspect.app doesn't have the entitlement com.apple.developer.web-browser-engine.host enabled, returning ["arm64e"]
2025-09-08 12:59:00 +0000  Archs to thin for item /Users/virendra.gupta/Library/Developer/Xcode/Archives/2025-09-08/AlliantGroup 08-09-25, 6.28 PM.xcarchive/Products/Applications/agInspect.app are ["arm64e"]
2025-09-08 12:59:00 +0000  Running /Applications/Xcode.app/Contents/Developer/Toolchains/XcodeDefault.xctoolchain/usr/bin/lipo '/var/folders/z2/64cv4cgj1v7_f7s0knllcm7m0000gn/T/XcodeDistPipeline.~~~UqHV1L/Root/Payload/agInspect.app/agInspect' '-verify_arch' 'arm64e'
2025-09-08 12:59:00 +0000  /Applications/Xcode.app/Contents/Developer/Toolchains/XcodeDefault.xctoolchain/usr/bin/lipo exited with 1
2025-09-08 12:59:00 +0000  Skipping architecture thinning for item "agInspect" because arch "arm64e" wasn't found
2025-09-08 12:59:00 +0000  Processing step: IDEDistributionODRStep
2025-09-08 12:59:00 +0000  Processing step: IDEDistributionStripXattrsStep
2025-09-08 12:59:00 +0000  Skipping stripping extended attributes because the codesign step will strip them.
2025-09-08 12:59:00 +0000  Processing step: IDEDistributionCodesignStep
2025-09-08 12:59:00 +0000  Entitlements for <IDEDistributionItem: 0x600024b593e0; bundleID='com.alliantgroup.aginspectUat', path='<DVTFilePath:0x6000244d5aa0:'/Users/virendra.gupta/Library/Developer/Xcode/Archives/2025-09-08/AlliantGroup 08-09-25, 6.28 PM.xcarchive/Products/Applications/agInspect.app'>', codeSigningInfo='<_DVTCodeSigningInformation_Path: 0x60002457cae0; isSigned='1', isAdHocSigned='0', signingCertificate='<DVTSigningCertificate: 0x60000dbad140; name='iPhone Distribution: alliantgroup, LP', hash='A94E4B8B7897D5B18347B11760842AA8F39013DC', serialNumber='66787CF0D9DD3EB86479F6A1FE385F32', certificateKinds='(
    "1.2.840.113635.100.6.1.4"
), issueDate='2025-03-13 03:41:26 +0000''>', entitlements='{
    "application-identifier" = "DV2A85LJJL.com.alliantgroup.aginspectUat";
    "aps-environment" = production;
    "com.apple.developer.team-identifier" = DV2A85LJJL;
    "get-task-allow" = 0;
}', teamID='DV2A85LJJL', identifier='com.alliantgroup.aginspectUat', executablePath='<DVTFilePath:0x600024435ce0:'/Users/virendra.gupta/Library/Developer/Xcode/Archives/2025-09-08/AlliantGroup 08-09-25, 6.28 PM.xcarchive/Products/Applications/agInspect.app/agInspect'>', hardenedRuntime='0'>'>: {
    "application-identifier" = "DV2A85LJJL.com.alliantgroup.aginspectUat";
    "aps-environment" = production;
    "com.apple.developer.team-identifier" = DV2A85LJJL;
    "get-task-allow" = 0;
}
2025-09-08 12:59:00 +0000  Associated App Clip Identifiers Filter: Skipping because "com.apple.developer.associated-appclip-app-identifiers" is not present
2025-09-08 12:59:00 +0000  Entitlements for <IDEDistributionItem: 0x600024b593e0; bundleID='com.alliantgroup.aginspectUat', path='<DVTFilePath:0x6000244d5aa0:'/Users/virendra.gupta/Library/Developer/Xcode/Archives/2025-09-08/AlliantGroup 08-09-25, 6.28 PM.xcarchive/Products/Applications/agInspect.app'>', codeSigningInfo='<_DVTCodeSigningInformation_Path: 0x60002457cae0; isSigned='1', isAdHocSigned='0', signingCertificate='<DVTSigningCertificate: 0x600005bc2f40; name='iPhone Distribution: alliantgroup, LP', hash='A94E4B8B7897D5B18347B11760842AA8F39013DC', serialNumber='66787CF0D9DD3EB86479F6A1FE385F32', certificateKinds='(
    "1.2.840.113635.100.6.1.4"
), issueDate='2025-03-13 03:41:26 +0000''>', entitlements='{
    "application-identifier" = "DV2A85LJJL.com.alliantgroup.aginspectUat";
    "aps-environment" = production;
    "com.apple.developer.team-identifier" = DV2A85LJJL;
    "get-task-allow" = 0;
}', teamID='DV2A85LJJL', identifier='com.alliantgroup.aginspectUat', executablePath='<DVTFilePath:0x600024435ce0:'/Users/virendra.gupta/Library/Developer/Xcode/Archives/2025-09-08/AlliantGroup 08-09-25, 6.28 PM.xcarchive/Products/Applications/agInspect.app/agInspect'>', hardenedRuntime='0'>'> are: {
    "application-identifier" = "DV2A85LJJL.com.alliantgroup.aginspectUat";
    "aps-environment" = production;
    "com.apple.developer.team-identifier" = DV2A85LJJL;
    "get-task-allow" = 0;
}
2025-09-08 12:59:00 +0000  Writing entitlements for <IDEDistributionItem: 0x600024b593e0; bundleID='com.alliantgroup.aginspectUat', path='<DVTFilePath:0x6000244d5aa0:'/Users/virendra.gupta/Library/Developer/Xcode/Archives/2025-09-08/AlliantGroup 08-09-25, 6.28 PM.xcarchive/Products/Applications/agInspect.app'>', codeSigningInfo='<_DVTCodeSigningInformation_Path: 0x60002457cae0; isSigned='1', isAdHocSigned='0', signingCertificate='<DVTSigningCertificate: 0x600005bc2f40; name='iPhone Distribution: alliantgroup, LP', hash='A94E4B8B7897D5B18347B11760842AA8F39013DC', serialNumber='66787CF0D9DD3EB86479F6A1FE385F32', certificateKinds='(
    "1.2.840.113635.100.6.1.4"
), issueDate='2025-03-13 03:41:26 +0000''>', entitlements='{
    "application-identifier" = "DV2A85LJJL.com.alliantgroup.aginspectUat";
    "aps-environment" = production;
    "com.apple.developer.team-identifier" = DV2A85LJJL;
    "get-task-allow" = 0;
}', teamID='DV2A85LJJL', identifier='com.alliantgroup.aginspectUat', executablePath='<DVTFilePath:0x600024435ce0:'/Users/virendra.gupta/Library/Developer/Xcode/Archives/2025-09-08/AlliantGroup 08-09-25, 6.28 PM.xcarchive/Products/Applications/agInspect.app/agInspect'>', hardenedRuntime='0'>'> to: /var/folders/z2/64cv4cgj1v7_f7s0knllcm7m0000gn/T/XcodeDistPipeline.~~~UqHV1L/entitlements~~~JIYeXF
2025-09-08 12:59:00 +0000  invoking codesign: <NSConcreteTask: 0x60002c21d7c0; launchPath='/usr/bin/codesign', arguments='(
    "-f",
    "-s",
    A94E4B8B7897D5B18347B11760842AA8F39013DC,
    "--entitlements",
    "/var/folders/z2/64cv4cgj1v7_f7s0knllcm7m0000gn/T/XcodeDistPipeline.~~~UqHV1L/entitlements~~~JIYeXF",
    "--preserve-metadata=identifier,flags,runtime",
    "--generate-entitlement-der",
    "--strip-disallowed-xattrs",
    "-vvv",
    "/var/folders/z2/64cv4cgj1v7_f7s0knllcm7m0000gn/T/XcodeDistPipeline.~~~UqHV1L/Root/Payload/agInspect.app"
)'>
2025-09-08 12:59:00 +0000  codesign output: /var/folders/z2/64cv4cgj1v7_f7s0knllcm7m0000gn/T/XcodeDistPipeline.~~~UqHV1L/Root/Payload/agInspect.app: replacing existing signature
/var/folders/z2/64cv4cgj1v7_f7s0knllcm7m0000gn/T/XcodeDistPipeline.~~~UqHV1L/Root/Payload/agInspect.app: signed app bundle with Mach-O thin (arm64) [com.alliantgroup.aginspectUat]
2025-09-08 12:59:00 +0000  Processing step: IDEDistributionZipODRItemStep
2025-09-08 12:59:00 +0000  Skipping step: IDEDistributionZipODRItemStep because it said so
2025-09-08 12:59:00 +0000  Processing step: IDEDistributionCreateIPAStep
2025-09-08 12:59:00 +0000  Running /usr/bin/ditto '-V' '-c' '-k' '--norsrc' '/var/folders/z2/64cv4cgj1v7_f7s0knllcm7m0000gn/T/XcodeDistPipeline.~~~UqHV1L/Root' '/var/folders/z2/64cv4cgj1v7_f7s0knllcm7m0000gn/T/XcodeDistPipeline.~~~UqHV1L/Packages/agInspectUAT.ipa'
2025-09-08 12:59:00 +0000  >>> Copying /var/folders/z2/64cv4cgj1v7_f7s0knllcm7m0000gn/T/XcodeDistPipeline.~~~UqHV1L/Root 
2025-09-08 12:59:00 +0000  copying file ./Payload/agInspect.app/_CodeSignature/CodeResources ... 
2025-09-08 12:59:00 +0000  70026 bytes for ./Payload/agInspect.app/_CodeSignature/CodeResources
2025-09-08 12:59:00 +0000  copying file ./Payload/agInspect.app/NYTPhotoViewer.bundle/NYTPhotoViewerCloseButtonX@2x.png ... 
2025-09-08 12:59:00 +0000  283 bytes for ./Payload/agInspect.app/NYTPhotoViewer.bundle/NYTPhotoViewerCloseButtonX@2x.png
2025-09-08 12:59:00 +0000  copying file ./Payload/agInspect.app/NYTPhotoViewer.bundle/NYTPhotoViewerCloseButtonX@3x.png ... 
2025-09-08 12:59:00 +0000  369 bytes for ./Payload/agInspect.app/NYTPhotoViewer.bundle/NYTPhotoViewerCloseButtonX@3x.png
2025-09-08 12:59:00 +0000  copying file ./Payload/agInspect.app/NYTPhotoViewer.bundle/NYTPhotoViewerCloseButtonXLandscape@2x.png ... 
2025-09-08 12:59:00 +0000  208 bytes for ./Payload/agInspect.app/NYTPhotoViewer.bundle/NYTPhotoViewerCloseButtonXLandscape@2x.png
2025-09-08 12:59:00 +0000  copying file ./Payload/agInspect.app/NYTPhotoViewer.bundle/NYTPhotoViewerCloseButtonXLandscape.png ... 
2025-09-08 12:59:00 +0000  143 bytes for ./Payload/agInspect.app/NYTPhotoViewer.bundle/NYTPhotoViewerCloseButtonXLandscape.png
2025-09-08 12:59:00 +0000  copying file ./Payload/agInspect.app/NYTPhotoViewer.bundle/NYTPhotoViewerCloseButtonXLandscape@3x.png ... 
2025-09-08 12:59:00 +0000  273 bytes for ./Payload/agInspect.app/NYTPhotoViewer.bundle/NYTPhotoViewerCloseButtonXLandscape@3x.png
2025-09-08 12:59:00 +0000  copying file ./Payload/agInspect.app/NYTPhotoViewer.bundle/Info.plist ... 
2025-09-08 12:59:00 +0000  769 bytes for ./Payload/agInspect.app/NYTPhotoViewer.bundle/Info.plist
2025-09-08 12:59:00 +0000  copying file ./Payload/agInspect.app/NYTPhotoViewer.bundle/NYTPhotoViewerCloseButtonX.png ... 
2025-09-08 12:59:00 +0000  220 bytes for ./Payload/agInspect.app/NYTPhotoViewer.bundle/NYTPhotoViewerCloseButtonX.png
2025-09-08 12:59:00 +0000  copying file ./Payload/agInspect.app/MedicalUS.dct ... 
2025-09-08 12:59:00 +0000  637139 bytes for ./Payload/agInspect.app/MedicalUS.dct
2025-09-08 12:59:00 +0000  copying file ./Payload/agInspect.app/English.dct ... 
2025-09-08 12:59:00 +0000  240733 bytes for ./Payload/agInspect.app/English.dct
2025-09-08 12:59:00 +0000  copying file ./Payload/agInspect.app/QBImagePicker.bundle/de.lproj/QBImagePicker.strings ... 
2025-09-08 12:59:00 +0000  686 bytes for ./Payload/agInspect.app/QBImagePicker.bundle/de.lproj/QBImagePicker.strings
2025-09-08 12:59:00 +0000  copying file ./Payload/agInspect.app/QBImagePicker.bundle/zh-Hans.lproj/QBImagePicker.strings ... 
2025-09-08 12:59:00 +0000  738 bytes for ./Payload/agInspect.app/QBImagePicker.bundle/zh-Hans.lproj/QBImagePicker.strings
2025-09-08 12:59:00 +0000  copying file ./Payload/agInspect.app/QBImagePicker.bundle/ja.lproj/QBImagePicker.strings ... 
2025-09-08 12:59:00 +0000  764 bytes for ./Payload/agInspect.app/QBImagePicker.bundle/ja.lproj/QBImagePicker.strings
2025-09-08 12:59:00 +0000  copying file ./Payload/agInspect.app/QBImagePicker.bundle/en.lproj/QBImagePicker.strings ... 
2025-09-08 12:59:00 +0000  681 bytes for ./Payload/agInspect.app/QBImagePicker.bundle/en.lproj/QBImagePicker.strings
2025-09-08 12:59:00 +0000  copying file ./Payload/agInspect.app/QBImagePicker.bundle/QBImagePicker.storyboardc/QiH-NZ-ZGN-view-sD2-zK-ryo.nib/runtime.nib ... 
2025-09-08 12:59:00 +0000  10044 bytes for ./Payload/agInspect.app/QBImagePicker.bundle/QBImagePicker.storyboardc/QiH-NZ-ZGN-view-sD2-zK-ryo.nib/runtime.nib
2025-09-08 12:59:00 +0000  copying file ./Payload/agInspect.app/QBImagePicker.bundle/QBImagePicker.storyboardc/QiH-NZ-ZGN-view-sD2-zK-ryo.nib/objects-12.3+.nib ... 
2025-09-08 12:59:00 +0000  10271 bytes for ./Payload/agInspect.app/QBImagePicker.bundle/QBImagePicker.storyboardc/QiH-NZ-ZGN-view-sD2-zK-ryo.nib/objects-12.3+.nib
2025-09-08 12:59:00 +0000  copying file ./Payload/agInspect.app/QBImagePicker.bundle/QBImagePicker.storyboardc/QBAlbumsViewController.nib/runtime.nib ... 
2025-09-08 12:59:00 +0000  1800 bytes for ./Payload/agInspect.app/QBImagePicker.bundle/QBImagePicker.storyboardc/QBAlbumsViewController.nib/runtime.nib
2025-09-08 12:59:00 +0000  copying file ./Payload/agInspect.app/QBImagePicker.bundle/QBImagePicker.storyboardc/QBAlbumsViewController.nib/objects-12.3+.nib ... 
2025-09-08 12:59:00 +0000  1800 bytes for ./Payload/agInspect.app/QBImagePicker.bundle/QBImagePicker.storyboardc/QBAlbumsViewController.nib/objects-12.3+.nib
2025-09-08 12:59:00 +0000  copying file ./Payload/agInspect.app/QBImagePicker.bundle/QBImagePicker.storyboardc/QBAssetsViewController.nib/runtime.nib ... 
2025-09-08 12:59:00 +0000  1393 bytes for ./Payload/agInspect.app/QBImagePicker.bundle/QBImagePicker.storyboardc/QBAssetsViewController.nib/runtime.nib
2025-09-08 12:59:00 +0000  copying file ./Payload/agInspect.app/QBImagePicker.bundle/QBImagePicker.storyboardc/QBAssetsViewController.nib/objects-12.3+.nib ... 
2025-09-08 12:59:00 +0000  1393 bytes for ./Payload/agInspect.app/QBImagePicker.bundle/QBImagePicker.storyboardc/QBAssetsViewController.nib/objects-12.3+.nib
2025-09-08 12:59:00 +0000  copying file ./Payload/agInspect.app/QBImagePicker.bundle/QBImagePicker.storyboardc/QL5-wR-LYt-view-66K-TS-Yoc.nib/runtime.nib ... 
2025-09-08 12:59:00 +0000  7017 bytes for ./Payload/agInspect.app/QBImagePicker.bundle/QBImagePicker.storyboardc/QL5-wR-LYt-view-66K-TS-Yoc.nib/runtime.nib
2025-09-08 12:59:00 +0000  copying file ./Payload/agInspect.app/QBImagePicker.bundle/QBImagePicker.storyboardc/QL5-wR-LYt-view-66K-TS-Yoc.nib/objects-12.3+.nib ... 
2025-09-08 12:59:00 +0000  7017 bytes for ./Payload/agInspect.app/QBImagePicker.bundle/QBImagePicker.storyboardc/QL5-wR-LYt-view-66K-TS-Yoc.nib/objects-12.3+.nib
2025-09-08 12:59:00 +0000  copying file ./Payload/agInspect.app/QBImagePicker.bundle/QBImagePicker.storyboardc/QBAlbumsNavigationController.nib/runtime.nib ... 
2025-09-08 12:59:00 +0000  2631 bytes for ./Payload/agInspect.app/QBImagePicker.bundle/QBImagePicker.storyboardc/QBAlbumsNavigationController.nib/runtime.nib
2025-09-08 12:59:00 +0000  copying file ./Payload/agInspect.app/QBImagePicker.bundle/QBImagePicker.storyboardc/QBAlbumsNavigationController.nib/objects-12.3+.nib ... 
2025-09-08 12:59:00 +0000  2631 bytes for ./Payload/agInspect.app/QBImagePicker.bundle/QBImagePicker.storyboardc/QBAlbumsNavigationController.nib/objects-12.3+.nib
2025-09-08 12:59:00 +0000  copying file ./Payload/agInspect.app/QBImagePicker.bundle/QBImagePicker.storyboardc/Info.plist ... 
2025-09-08 12:59:00 +0000  289 bytes for ./Payload/agInspect.app/QBImagePicker.bundle/QBImagePicker.storyboardc/Info.plist
2025-09-08 12:59:00 +0000  copying file ./Payload/agInspect.app/QBImagePicker.bundle/es.lproj/QBImagePicker.strings ... 
2025-09-08 12:59:00 +0000  685 bytes for ./Payload/agInspect.app/QBImagePicker.bundle/es.lproj/QBImagePicker.strings
2025-09-08 12:59:00 +0000  copying file ./Payload/agInspect.app/QBImagePicker.bundle/Info.plist ... 
2025-09-08 12:59:00 +0000  767 bytes for ./Payload/agInspect.app/QBImagePicker.bundle/Info.plist
2025-09-08 12:59:00 +0000  copying file ./Payload/agInspect.app/Brazilian.dct ... 
2025-09-08 12:59:00 +0000  98892 bytes for ./Payload/agInspect.app/Brazilian.dct
2025-09-08 12:59:00 +0000  copying file ./Payload/agInspect.app/agInspect ... 
2025-09-08 12:59:01 +0000  7936608 bytes for ./Payload/agInspect.app/agInspect
2025-09-08 12:59:01 +0000  copying file ./Payload/agInspect.app/Spanish.dct ... 
2025-09-08 12:59:01 +0000  176621 bytes for ./Payload/agInspect.app/Spanish.dct
2025-09-08 12:59:01 +0000  copying file ./Payload/agInspect.app/AppIcon29x29~ipad.png ... 
2025-09-08 12:59:01 +0000  1754 bytes for ./Payload/agInspect.app/AppIcon29x29~ipad.png
2025-09-08 12:59:01 +0000  copying file ./Payload/agInspect.app/Italian.dct ... 
2025-09-08 12:59:01 +0000  308128 bytes for ./Payload/agInspect.app/Italian.dct
2025-09-08 12:59:01 +0000  copying file ./Payload/agInspect.app/Portuguese.dct ... 
2025-09-08 12:59:01 +0000  185563 bytes for ./Payload/agInspect.app/Portuguese.dct
2025-09-08 12:59:01 +0000  copying file ./Payload/agInspect.app/Dutch.dct ... 
2025-09-08 12:59:01 +0000  434566 bytes for ./Payload/agInspect.app/Dutch.dct
2025-09-08 12:59:01 +0000  copying file ./Payload/agInspect.app/XLForm.bundle/forwardarrow@2x.png ... 
2025-09-08 12:59:01 +0000  1559 bytes for ./Payload/agInspect.app/XLForm.bundle/forwardarrow@2x.png
2025-09-08 12:59:01 +0000  copying file ./Payload/agInspect.app/Base.lproj/LaunchScreen.storyboardc/01J-lp-oVM-view-Ze5-6b-2t3.nib/objects-11.0+.nib ... 
2025-09-08 12:59:01 +0000  2510 bytes for ./Payload/agInspect.app/Base.lproj/LaunchScreen.storyboardc/01J-lp-oVM-view-Ze5-6b-2t3.nib/objects-11.0+.nib
2025-09-08 12:59:01 +0000  copying file ./Payload/agInspect.app/Base.lproj/LaunchScreen.storyboardc/01J-lp-oVM-view-Ze5-6b-2t3.nib/runtime.nib ... 
2025-09-08 12:59:01 +0000  2635 bytes for ./Payload/agInspect.app/Base.lproj/LaunchScreen.storyboardc/01J-lp-oVM-view-Ze5-6b-2t3.nib/runtime.nib
2025-09-08 12:59:01 +0000  copying file ./Payload/agInspect.app/Base.lproj/LaunchScreen.storyboardc/UIViewController-01J-lp-oVM.nib/objects-11.0+.nib ... 
2025-09-08 12:59:01 +0000  924 bytes for ./Payload/agInspect.app/Base.lproj/LaunchScreen.storyboardc/UIViewController-01J-lp-oVM.nib/objects-11.0+.nib
2025-09-08 12:59:01 +0000  copying file ./Payload/agInspect.app/Base.lproj/LaunchScreen.storyboardc/UIViewController-01J-lp-oVM.nib/runtime.nib ... 
2025-09-08 12:59:01 +0000  924 bytes for ./Payload/agInspect.app/Base.lproj/LaunchScreen.storyboardc/UIViewController-01J-lp-oVM.nib/runtime.nib
2025-09-08 12:59:01 +0000  copying file ./Payload/agInspect.app/Base.lproj/LaunchScreen.storyboardc/Info.plist ... 
2025-09-08 12:59:01 +0000  258 bytes for ./Payload/agInspect.app/Base.lproj/LaunchScreen.storyboardc/Info.plist
2025-09-08 12:59:01 +0000  copying file ./Payload/agInspect.app/German.dct ... 
2025-09-08 12:59:01 +0000  510893 bytes for ./Payload/agInspect.app/German.dct
2025-09-08 12:59:01 +0000  copying file ./Payload/agInspect.app/Indonesian.dct ... 
2025-09-08 12:59:01 +0000  260288 bytes for ./Payload/agInspect.app/Indonesian.dct
2025-09-08 12:59:01 +0000  copying file ./Payload/agInspect.app/Norwegian.dct ... 
2025-09-08 12:59:01 +0000  550136 bytes for ./Payload/agInspect.app/Norwegian.dct
2025-09-08 12:59:01 +0000  copying file ./Payload/agInspect.app/Main.storyboardc/kgH-WO-0DQ-view-T75-fs-i9g.nib/objects-11.0+.nib ... 
2025-09-08 12:59:01 +0000  9439 bytes for ./Payload/agInspect.app/Main.storyboardc/kgH-WO-0DQ-view-T75-fs-i9g.nib/objects-11.0+.nib
2025-09-08 12:59:01 +0000  copying file ./Payload/agInspect.app/Main.storyboardc/kgH-WO-0DQ-view-T75-fs-i9g.nib/runtime.nib ... 
2025-09-08 12:59:01 +0000  9632 bytes for ./Payload/agInspect.app/Main.storyboardc/kgH-WO-0DQ-view-T75-fs-i9g.nib/runtime.nib
2025-09-08 12:59:01 +0000  copying file ./Payload/agInspect.app/Main.storyboardc/jqm-QJ-yFa-view-B9e-Kc-ErE.nib/objects-11.0+.nib ... 
2025-09-08 12:59:01 +0000  8746 bytes for ./Payload/agInspect.app/Main.storyboardc/jqm-QJ-yFa-view-B9e-Kc-ErE.nib/objects-11.0+.nib
2025-09-08 12:59:01 +0000  copying file ./Payload/agInspect.app/Main.storyboardc/jqm-QJ-yFa-view-B9e-Kc-ErE.nib/runtime.nib ... 
2025-09-08 12:59:01 +0000  8938 bytes for ./Payload/agInspect.app/Main.storyboardc/jqm-QJ-yFa-view-B9e-Kc-ErE.nib/runtime.nib
2025-09-08 12:59:01 +0000  copying file ./Payload/agInspect.app/Main.storyboardc/SavedInspectionViewController.nib/objects-11.0+.nib ... 
2025-09-08 12:59:01 +0000  1274 bytes for ./Payload/agInspect.app/Main.storyboardc/SavedInspectionViewController.nib/objects-11.0+.nib
2025-09-08 12:59:01 +0000  copying file ./Payload/agInspect.app/Main.storyboardc/SavedInspectionViewController.nib/runtime.nib ... 
2025-09-08 12:59:01 +0000  1274 bytes for ./Payload/agInspect.app/Main.storyboardc/SavedInspectionViewController.nib/runtime.nib
2025-09-08 12:59:01 +0000  copying file ./Payload/agInspect.app/Main.storyboardc/SortByViewController.nib/objects-11.0+.nib ... 
2025-09-08 12:59:01 +0000  1120 bytes for ./Payload/agInspect.app/Main.storyboardc/SortByViewController.nib/objects-11.0+.nib
2025-09-08 12:59:01 +0000  copying file ./Payload/agInspect.app/Main.storyboardc/SortByViewController.nib/runtime.nib ... 
2025-09-08 12:59:01 +0000  1120 bytes for ./Payload/agInspect.app/Main.storyboardc/SortByViewController.nib/runtime.nib
2025-09-08 12:59:01 +0000  copying file ./Payload/agInspect.app/Main.storyboardc/GeK-bh-6O3-view-Tsi-lZ-ein.nib/objects-11.0+.nib ... 
2025-09-08 12:59:01 +0000  24401 bytes for ./Payload/agInspect.app/Main.storyboardc/GeK-bh-6O3-view-Tsi-lZ-ein.nib/objects-11.0+.nib
2025-09-08 12:59:01 +0000  copying file ./Payload/agInspect.app/Main.storyboardc/GeK-bh-6O3-view-Tsi-lZ-ein.nib/runtime.nib ... 
2025-09-08 12:59:01 +0000  24667 bytes for ./Payload/agInspect.app/Main.storyboardc/GeK-bh-6O3-view-Tsi-lZ-ein.nib/runtime.nib
2025-09-08 12:59:01 +0000  copying file ./Payload/agInspect.app/Main.storyboardc/UINavigationController-6gm-e4-2rc.nib/objects-11.0+.nib ... 
2025-09-08 12:59:01 +0000  2415 bytes for ./Payload/agInspect.app/Main.storyboardc/UINavigationController-6gm-e4-2rc.nib/objects-11.0+.nib
2025-09-08 12:59:01 +0000  copying file ./Payload/agInspect.app/Main.storyboardc/UINavigationController-6gm-e4-2rc.nib/runtime.nib ... 
2025-09-08 12:59:01 +0000  2415 bytes for ./Payload/agInspect.app/Main.storyboardc/UINavigationController-6gm-e4-2rc.nib/runtime.nib
2025-09-08 12:59:01 +0000  copying file ./Payload/agInspect.app/Main.storyboardc/AAb-K4-U4A-view-GwS-t4-jEj.nib/objects-11.0+.nib ... 
2025-09-08 12:59:01 +0000  8414 bytes for ./Payload/agInspect.app/Main.storyboardc/AAb-K4-U4A-view-GwS-t4-jEj.nib/objects-11.0+.nib
2025-09-08 12:59:01 +0000  copying file ./Payload/agInspect.app/Main.storyboardc/AAb-K4-U4A-view-GwS-t4-jEj.nib/runtime.nib ... 
2025-09-08 12:59:01 +0000  8659 bytes for ./Payload/agInspect.app/Main.storyboardc/AAb-K4-U4A-view-GwS-t4-jEj.nib/runtime.nib
2025-09-08 12:59:01 +0000  copying file ./Payload/agInspect.app/Main.storyboardc/UIViewController-nqx-0A-U7t.nib/objects-11.0+.nib ... 
2025-09-08 12:59:01 +0000  761 bytes for ./Payload/agInspect.app/Main.storyboardc/UIViewController-nqx-0A-U7t.nib/objects-11.0+.nib
2025-09-08 12:59:01 +0000  copying file ./Payload/agInspect.app/Main.storyboardc/UIViewController-nqx-0A-U7t.nib/runtime.nib ... 
2025-09-08 12:59:01 +0000  761 bytes for ./Payload/agInspect.app/Main.storyboardc/UIViewController-nqx-0A-U7t.nib/runtime.nib
2025-09-08 12:59:01 +0000  copying file ./Payload/agInspect.app/Main.storyboardc/f8v-kv-eye-view-C17-tr-4J0.nib/objects-11.0+.nib ... 
2025-09-08 12:59:01 +0000  2516 bytes for ./Payload/agInspect.app/Main.storyboardc/f8v-kv-eye-view-C17-tr-4J0.nib/objects-11.0+.nib
2025-09-08 12:59:01 +0000  copying file ./Payload/agInspect.app/Main.storyboardc/f8v-kv-eye-view-C17-tr-4J0.nib/runtime.nib ... 
2025-09-08 12:59:01 +0000  2642 bytes for ./Payload/agInspect.app/Main.storyboardc/f8v-kv-eye-view-C17-tr-4J0.nib/runtime.nib
2025-09-08 12:59:01 +0000  copying file ./Payload/agInspect.app/Main.storyboardc/InspectionViewController.nib/objects-11.0+.nib ... 
2025-09-08 12:59:01 +0000  1717 bytes for ./Payload/agInspect.app/Main.storyboardc/InspectionViewController.nib/objects-11.0+.nib
2025-09-08 12:59:01 +0000  copying file ./Payload/agInspect.app/Main.storyboardc/InspectionViewController.nib/runtime.nib ... 
2025-09-08 12:59:01 +0000  1717 bytes for ./Payload/agInspect.app/Main.storyboardc/InspectionViewController.nib/runtime.nib
2025-09-08 12:59:01 +0000  copying file ./Payload/agInspect.app/Main.storyboardc/LoginViewController.nib/objects-11.0+.nib ... 
2025-09-08 12:59:01 +0000  1587 bytes for ./Payload/agInspect.app/Main.storyboardc/LoginViewController.nib/objects-11.0+.nib
2025-09-08 12:59:01 +0000  copying file ./Payload/agInspect.app/Main.storyboardc/LoginViewController.nib/runtime.nib ... 
2025-09-08 12:59:01 +0000  1587 bytes for ./Payload/agInspect.app/Main.storyboardc/LoginViewController.nib/runtime.nib
2025-09-08 12:59:01 +0000  copying file ./Payload/agInspect.app/Main.storyboardc/BYZ-38-t0r-view-8bC-Xf-vdC.nib/objects-11.0+.nib ... 
2025-09-08 12:59:01 +0000  12542 bytes for ./Payload/agInspect.app/Main.storyboardc/BYZ-38-t0r-view-8bC-Xf-vdC.nib/objects-11.0+.nib
2025-09-08 12:59:01 +0000  copying file ./Payload/agInspect.app/Main.storyboardc/BYZ-38-t0r-view-8bC-Xf-vdC.nib/runtime.nib ... 
2025-09-08 12:59:01 +0000  12658 bytes for ./Payload/agInspect.app/Main.storyboardc/BYZ-38-t0r-view-8bC-Xf-vdC.nib/runtime.nib
2025-09-08 12:59:01 +0000  copying file ./Payload/agInspect.app/Main.storyboardc/DateSortViewController.nib/objects-11.0+.nib ... 
2025-09-08 12:59:01 +0000  1020 bytes for ./Payload/agInspect.app/Main.storyboardc/DateSortViewController.nib/objects-11.0+.nib
2025-09-08 12:59:01 +0000  copying file ./Payload/agInspect.app/Main.storyboardc/DateSortViewController.nib/runtime.nib ... 
2025-09-08 12:59:01 +0000  1020 bytes for ./Payload/agInspect.app/Main.storyboardc/DateSortViewController.nib/runtime.nib
2025-09-08 12:59:01 +0000  copying file ./Payload/agInspect.app/Main.storyboardc/UINavigationController-RYb-nk-ZRV.nib/objects-11.0+.nib ... 
2025-09-08 12:59:01 +0000  2297 bytes for ./Payload/agInspect.app/Main.storyboardc/UINavigationController-RYb-nk-ZRV.nib/objects-11.0+.nib
2025-09-08 12:59:01 +0000  copying file ./Payload/agInspect.app/Main.storyboardc/UINavigationController-RYb-nk-ZRV.nib/runtime.nib ... 
2025-09-08 12:59:01 +0000  2297 bytes for ./Payload/agInspect.app/Main.storyboardc/UINavigationController-RYb-nk-ZRV.nib/runtime.nib
2025-09-08 12:59:01 +0000  copying file ./Payload/agInspect.app/Main.storyboardc/Info.plist ... 
2025-09-08 12:59:01 +0000  867 bytes for ./Payload/agInspect.app/Main.storyboardc/Info.plist
2025-09-08 12:59:01 +0000  copying file ./Payload/agInspect.app/Assets.car ... 
2025-09-08 12:59:01 +0000  884840 bytes for ./Payload/agInspect.app/Assets.car
2025-09-08 12:59:01 +0000  copying file ./Payload/agInspect.app/AppIcon40x40@2x~ipad.png ... 
2025-09-08 12:59:01 +0000  5512 bytes for ./Payload/agInspect.app/AppIcon40x40@2x~ipad.png
2025-09-08 12:59:01 +0000  copying file ./Payload/agInspect.app/Inspection.storyboardc/CustomCameraViewController.nib/objects-11.0+.nib ... 
2025-09-08 12:59:01 +0000  1495 bytes for ./Payload/agInspect.app/Inspection.storyboardc/CustomCameraViewController.nib/objects-11.0+.nib
2025-09-08 12:59:01 +0000  copying file ./Payload/agInspect.app/Inspection.storyboardc/CustomCameraViewController.nib/runtime.nib ... 
2025-09-08 12:59:01 +0000  1495 bytes for ./Payload/agInspect.app/Inspection.storyboardc/CustomCameraViewController.nib/runtime.nib
2025-09-08 12:59:01 +0000  copying file ./Payload/agInspect.app/Inspection.storyboardc/CustomCameraViewController.nib/objects-12.3+.nib ... 
2025-09-08 12:59:01 +0000  1495 bytes for ./Payload/agInspect.app/Inspection.storyboardc/CustomCameraViewController.nib/objects-12.3+.nib
2025-09-08 12:59:01 +0000  copying file ./Payload/agInspect.app/Inspection.storyboardc/CustomCameraViewController.nib/objects-14.0+.nib ... 
2025-09-08 12:59:01 +0000  1495 bytes for ./Payload/agInspect.app/Inspection.storyboardc/CustomCameraViewController.nib/objects-14.0+.nib
2025-09-08 12:59:01 +0000  copying file ./Payload/agInspect.app/Inspection.storyboardc/InspectionDetailsViewController.nib/objects-11.0+.nib ... 
2025-09-08 12:59:01 +0000  1708 bytes for ./Payload/agInspect.app/Inspection.storyboardc/InspectionDetailsViewController.nib/objects-11.0+.nib
2025-09-08 12:59:01 +0000  copying file ./Payload/agInspect.app/Inspection.storyboardc/InspectionDetailsViewController.nib/runtime.nib ... 
2025-09-08 12:59:01 +0000  1708 bytes for ./Payload/agInspect.app/Inspection.storyboardc/InspectionDetailsViewController.nib/runtime.nib
2025-09-08 12:59:01 +0000  copying file ./Payload/agInspect.app/Inspection.storyboardc/InspectionDetailsViewController.nib/objects-12.3+.nib ... 
2025-09-08 12:59:01 +0000  1708 bytes for ./Payload/agInspect.app/Inspection.storyboardc/InspectionDetailsViewController.nib/objects-12.3+.nib
2025-09-08 12:59:01 +0000  copying file ./Payload/agInspect.app/Inspection.storyboardc/InspectionDetailsViewController.nib/objects-14.0+.nib ... 
2025-09-08 12:59:01 +0000  1708 bytes for ./Payload/agInspect.app/Inspection.storyboardc/InspectionDetailsViewController.nib/objects-14.0+.nib
2025-09-08 12:59:01 +0000  copying file ./Payload/agInspect.app/Inspection.storyboardc/SpecialInstructionsPopOverViewController.nib/objects-11.0+.nib ... 
2025-09-08 12:59:01 +0000  1038 bytes for ./Payload/agInspect.app/Inspection.storyboardc/SpecialInstructionsPopOverViewController.nib/objects-11.0+.nib
2025-09-08 12:59:01 +0000  copying file ./Payload/agInspect.app/Inspection.storyboardc/SpecialInstructionsPopOverViewController.nib/runtime.nib ... 
2025-09-08 12:59:01 +0000  1038 bytes for ./Payload/agInspect.app/Inspection.storyboardc/SpecialInstructionsPopOverViewController.nib/runtime.nib
2025-09-08 12:59:01 +0000  copying file ./Payload/agInspect.app/Inspection.storyboardc/SpecialInstructionsPopOverViewController.nib/objects-12.3+.nib ... 
2025-09-08 12:59:01 +0000  1038 bytes for ./Payload/agInspect.app/Inspection.storyboardc/SpecialInstructionsPopOverViewController.nib/objects-12.3+.nib
2025-09-08 12:59:01 +0000  copying file ./Payload/agInspect.app/Inspection.storyboardc/SpecialInstructionsPopOverViewController.nib/objects-14.0+.nib ... 
2025-09-08 12:59:01 +0000  1038 bytes for ./Payload/agInspect.app/Inspection.storyboardc/SpecialInstructionsPopOverViewController.nib/objects-14.0+.nib
2025-09-08 12:59:01 +0000  copying file ./Payload/agInspect.app/Inspection.storyboardc/eLf-y0-pXG-view-0Gz-oJ-WbT.nib/objects-11.0+.nib ... 
2025-09-08 12:59:01 +0000  2412 bytes for ./Payload/agInspect.app/Inspection.storyboardc/eLf-y0-pXG-view-0Gz-oJ-WbT.nib/objects-11.0+.nib
2025-09-08 12:59:01 +0000  copying file ./Payload/agInspect.app/Inspection.storyboardc/eLf-y0-pXG-view-0Gz-oJ-WbT.nib/runtime.nib ... 
2025-09-08 12:59:01 +0000  2538 bytes for ./Payload/agInspect.app/Inspection.storyboardc/eLf-y0-pXG-view-0Gz-oJ-WbT.nib/runtime.nib
2025-09-08 12:59:01 +0000  copying file ./Payload/agInspect.app/Inspection.storyboardc/eLf-y0-pXG-view-0Gz-oJ-WbT.nib/objects-12.3+.nib ... 
2025-09-08 12:59:01 +0000  2412 bytes for ./Payload/agInspect.app/Inspection.storyboardc/eLf-y0-pXG-view-0Gz-oJ-WbT.nib/objects-12.3+.nib
2025-09-08 12:59:01 +0000  copying file ./Payload/agInspect.app/Inspection.storyboardc/eLf-y0-pXG-view-0Gz-oJ-WbT.nib/objects-14.0+.nib ... 
2025-09-08 12:59:01 +0000  2412 bytes for ./Payload/agInspect.app/Inspection.storyboardc/eLf-y0-pXG-view-0Gz-oJ-WbT.nib/objects-14.0+.nib
2025-09-08 12:59:01 +0000  copying file ./Payload/agInspect.app/Inspection.storyboardc/nFo-KM-cxQ-view-bEp-Ss-I6f.nib/objects-11.0+.nib ... 
2025-09-08 12:59:01 +0000  10536 bytes for ./Payload/agInspect.app/Inspection.storyboardc/nFo-KM-cxQ-view-bEp-Ss-I6f.nib/objects-11.0+.nib
2025-09-08 12:59:01 +0000  copying file ./Payload/agInspect.app/Inspection.storyboardc/nFo-KM-cxQ-view-bEp-Ss-I6f.nib/runtime.nib ... 
2025-09-08 12:59:01 +0000  10653 bytes for ./Payload/agInspect.app/Inspection.storyboardc/nFo-KM-cxQ-view-bEp-Ss-I6f.nib/runtime.nib
2025-09-08 12:59:01 +0000  copying file ./Payload/agInspect.app/Inspection.storyboardc/nFo-KM-cxQ-view-bEp-Ss-I6f.nib/objects-12.3+.nib ... 
2025-09-08 12:59:01 +0000  10536 bytes for ./Payload/agInspect.app/Inspection.storyboardc/nFo-KM-cxQ-view-bEp-Ss-I6f.nib/objects-12.3+.nib
2025-09-08 12:59:01 +0000  copying file ./Payload/agInspect.app/Inspection.storyboardc/nFo-KM-cxQ-view-bEp-Ss-I6f.nib/objects-14.0+.nib ... 
2025-09-08 12:59:01 +0000  10536 bytes for ./Payload/agInspect.app/Inspection.storyboardc/nFo-KM-cxQ-view-bEp-Ss-I6f.nib/objects-14.0+.nib
2025-09-08 12:59:01 +0000  copying file ./Payload/agInspect.app/Inspection.storyboardc/pBu-44-Rzt-view-6Yd-Qo-I3k.nib/objects-11.0+.nib ... 
2025-09-08 12:59:01 +0000  23086 bytes for ./Payload/agInspect.app/Inspection.storyboardc/pBu-44-Rzt-view-6Yd-Qo-I3k.nib/objects-11.0+.nib
2025-09-08 12:59:01 +0000  copying file ./Payload/agInspect.app/Inspection.storyboardc/pBu-44-Rzt-view-6Yd-Qo-I3k.nib/runtime.nib ... 
2025-09-08 12:59:01 +0000  23211 bytes for ./Payload/agInspect.app/Inspection.storyboardc/pBu-44-Rzt-view-6Yd-Qo-I3k.nib/runtime.nib
2025-09-08 12:59:01 +0000  copying file ./Payload/agInspect.app/Inspection.storyboardc/pBu-44-Rzt-view-6Yd-Qo-I3k.nib/objects-12.3+.nib ... 
2025-09-08 12:59:01 +0000  23086 bytes for ./Payload/agInspect.app/Inspection.storyboardc/pBu-44-Rzt-view-6Yd-Qo-I3k.nib/objects-12.3+.nib
2025-09-08 12:59:01 +0000  copying file ./Payload/agInspect.app/Inspection.storyboardc/pBu-44-Rzt-view-6Yd-Qo-I3k.nib/objects-14.0+.nib ... 
2025-09-08 12:59:01 +0000  23086 bytes for ./Payload/agInspect.app/Inspection.storyboardc/pBu-44-Rzt-view-6Yd-Qo-I3k.nib/objects-14.0+.nib
2025-09-08 12:59:01 +0000  copying file ./Payload/agInspect.app/Inspection.storyboardc/AddAttachmentViewController.nib/objects-11.0+.nib ... 
2025-09-08 12:59:01 +0000  1701 bytes for ./Payload/agInspect.app/Inspection.storyboardc/AddAttachmentViewController.nib/objects-11.0+.nib
2025-09-08 12:59:01 +0000  copying file ./Payload/agInspect.app/Inspection.storyboardc/AddAttachmentViewController.nib/runtime.nib ... 
2025-09-08 12:59:01 +0000  1701 bytes for ./Payload/agInspect.app/Inspection.storyboardc/AddAttachmentViewController.nib/runtime.nib
2025-09-08 12:59:01 +0000  copying file ./Payload/agInspect.app/Inspection.storyboardc/AddAttachmentViewController.nib/objects-12.3+.nib ... 
2025-09-08 12:59:01 +0000  1701 bytes for ./Payload/agInspect.app/Inspection.storyboardc/AddAttachmentViewController.nib/objects-12.3+.nib
2025-09-08 12:59:01 +0000  copying file ./Payload/agInspect.app/Inspection.storyboardc/AddAttachmentViewController.nib/objects-14.0+.nib ... 
2025-09-08 12:59:01 +0000  1701 bytes for ./Payload/agInspect.app/Inspection.storyboardc/AddAttachmentViewController.nib/objects-14.0+.nib
2025-09-08 12:59:01 +0000  copying file ./Payload/agInspect.app/Inspection.storyboardc/UIViewController-eLf-y0-pXG.nib/objects-11.0+.nib ... 
2025-09-08 12:59:01 +0000  1099 bytes for ./Payload/agInspect.app/Inspection.storyboardc/UIViewController-eLf-y0-pXG.nib/objects-11.0+.nib
2025-09-08 12:59:01 +0000  copying file ./Payload/agInspect.app/Inspection.storyboardc/UIViewController-eLf-y0-pXG.nib/runtime.nib ... 
2025-09-08 12:59:01 +0000  1099 bytes for ./Payload/agInspect.app/Inspection.storyboardc/UIViewController-eLf-y0-pXG.nib/runtime.nib
2025-09-08 12:59:01 +0000  copying file ./Payload/agInspect.app/Inspection.storyboardc/UIViewController-eLf-y0-pXG.nib/objects-12.3+.nib ... 
2025-09-08 12:59:01 +0000  1099 bytes for ./Payload/agInspect.app/Inspection.storyboardc/UIViewController-eLf-y0-pXG.nib/objects-12.3+.nib
2025-09-08 12:59:01 +0000  copying file ./Payload/agInspect.app/Inspection.storyboardc/UIViewController-eLf-y0-pXG.nib/objects-14.0+.nib ... 
2025-09-08 12:59:01 +0000  1099 bytes for ./Payload/agInspect.app/Inspection.storyboardc/UIViewController-eLf-y0-pXG.nib/objects-14.0+.nib
2025-09-08 12:59:01 +0000  copying file ./Payload/agInspect.app/Inspection.storyboardc/UINavigationController-huq-ec-Em6.nib/objects-11.0+.nib ... 
2025-09-08 12:59:01 +0000  2396 bytes for ./Payload/agInspect.app/Inspection.storyboardc/UINavigationController-huq-ec-Em6.nib/objects-11.0+.nib
2025-09-08 12:59:01 +0000  copying file ./Payload/agInspect.app/Inspection.storyboardc/UINavigationController-huq-ec-Em6.nib/runtime.nib ... 
2025-09-08 12:59:01 +0000  2396 bytes for ./Payload/agInspect.app/Inspection.storyboardc/UINavigationController-huq-ec-Em6.nib/runtime.nib
2025-09-08 12:59:01 +0000  copying file ./Payload/agInspect.app/Inspection.storyboardc/UINavigationController-huq-ec-Em6.nib/objects-12.3+.nib ... 
2025-09-08 12:59:01 +0000  2396 bytes for ./Payload/agInspect.app/Inspection.storyboardc/UINavigationController-huq-ec-Em6.nib/objects-12.3+.nib
2025-09-08 12:59:01 +0000  copying file ./Payload/agInspect.app/Inspection.storyboardc/UINavigationController-huq-ec-Em6.nib/objects-14.0+.nib ... 
2025-09-08 12:59:01 +0000  2396 bytes for ./Payload/agInspect.app/Inspection.storyboardc/UINavigationController-huq-ec-Em6.nib/objects-14.0+.nib
2025-09-08 12:59:01 +0000  copying file ./Payload/agInspect.app/Inspection.storyboardc/Kqv-dm-DdS-view-FPE-Bt-BDE.nib/objects-11.0+.nib ... 
2025-09-08 12:59:01 +0000  63720 bytes for ./Payload/agInspect.app/Inspection.storyboardc/Kqv-dm-DdS-view-FPE-Bt-BDE.nib/objects-11.0+.nib
2025-09-08 12:59:01 +0000  copying file ./Payload/agInspect.app/Inspection.storyboardc/Kqv-dm-DdS-view-FPE-Bt-BDE.nib/runtime.nib ... 
2025-09-08 12:59:01 +0000  63986 bytes for ./Payload/agInspect.app/Inspection.storyboardc/Kqv-dm-DdS-view-FPE-Bt-BDE.nib/runtime.nib
2025-09-08 12:59:01 +0000  copying file ./Payload/agInspect.app/Inspection.storyboardc/Kqv-dm-DdS-view-FPE-Bt-BDE.nib/objects-12.3+.nib ... 
2025-09-08 12:59:01 +0000  63720 bytes for ./Payload/agInspect.app/Inspection.storyboardc/Kqv-dm-DdS-view-FPE-Bt-BDE.nib/objects-12.3+.nib
2025-09-08 12:59:01 +0000  copying file ./Payload/agInspect.app/Inspection.storyboardc/Kqv-dm-DdS-view-FPE-Bt-BDE.nib/objects-14.0+.nib ... 
2025-09-08 12:59:01 +0000  63720 bytes for ./Payload/agInspect.app/Inspection.storyboardc/Kqv-dm-DdS-view-FPE-Bt-BDE.nib/objects-14.0+.nib
2025-09-08 12:59:01 +0000  copying file ./Payload/agInspect.app/Inspection.storyboardc/ar4-Q1-tYZ-view-wM5-rP-AIY.nib/objects-11.0+.nib ... 
2025-09-08 12:59:01 +0000  3612 bytes for ./Payload/agInspect.app/Inspection.storyboardc/ar4-Q1-tYZ-view-wM5-rP-AIY.nib/objects-11.0+.nib
2025-09-08 12:59:01 +0000  copying file ./Payload/agInspect.app/Inspection.storyboardc/ar4-Q1-tYZ-view-wM5-rP-AIY.nib/runtime.nib ... 
2025-09-08 12:59:01 +0000  3738 bytes for ./Payload/agInspect.app/Inspection.storyboardc/ar4-Q1-tYZ-view-wM5-rP-AIY.nib/runtime.nib
2025-09-08 12:59:01 +0000  copying file ./Payload/agInspect.app/Inspection.storyboardc/ar4-Q1-tYZ-view-wM5-rP-AIY.nib/objects-12.3+.nib ... 
2025-09-08 12:59:01 +0000  3612 bytes for ./Payload/agInspect.app/Inspection.storyboardc/ar4-Q1-tYZ-view-wM5-rP-AIY.nib/objects-12.3+.nib
2025-09-08 12:59:01 +0000  copying file ./Payload/agInspect.app/Inspection.storyboardc/ar4-Q1-tYZ-view-wM5-rP-AIY.nib/objects-14.0+.nib ... 
2025-09-08 12:59:01 +0000  3612 bytes for ./Payload/agInspect.app/Inspection.storyboardc/ar4-Q1-tYZ-view-wM5-rP-AIY.nib/objects-14.0+.nib
2025-09-08 12:59:01 +0000  copying file ./Payload/agInspect.app/Inspection.storyboardc/BuildingEnvelopeViewController.nib/objects-11.0+.nib ... 
2025-09-08 12:59:01 +0000  1394 bytes for ./Payload/agInspect.app/Inspection.storyboardc/BuildingEnvelopeViewController.nib/objects-11.0+.nib
2025-09-08 12:59:01 +0000  copying file ./Payload/agInspect.app/Inspection.storyboardc/BuildingEnvelopeViewController.nib/runtime.nib ... 
2025-09-08 12:59:01 +0000  1394 bytes for ./Payload/agInspect.app/Inspection.storyboardc/BuildingEnvelopeViewController.nib/runtime.nib
2025-09-08 12:59:01 +0000  copying file ./Payload/agInspect.app/Inspection.storyboardc/BuildingEnvelopeViewController.nib/objects-12.3+.nib ... 
2025-09-08 12:59:01 +0000  1394 bytes for ./Payload/agInspect.app/Inspection.storyboardc/BuildingEnvelopeViewController.nib/objects-12.3+.nib
2025-09-08 12:59:01 +0000  copying file ./Payload/agInspect.app/Inspection.storyboardc/BuildingEnvelopeViewController.nib/objects-14.0+.nib ... 
2025-09-08 12:59:01 +0000  1394 bytes for ./Payload/agInspect.app/Inspection.storyboardc/BuildingEnvelopeViewController.nib/objects-14.0+.nib
2025-09-08 12:59:01 +0000  copying file ./Payload/agInspect.app/Inspection.storyboardc/fzT-D2-Fpz-view-0zn-ks-mIu.nib/objects-11.0+.nib ... 
2025-09-08 12:59:01 +0000  65445 bytes for ./Payload/agInspect.app/Inspection.storyboardc/fzT-D2-Fpz-view-0zn-ks-mIu.nib/objects-11.0+.nib
2025-09-08 12:59:01 +0000  copying file ./Payload/agInspect.app/Inspection.storyboardc/fzT-D2-Fpz-view-0zn-ks-mIu.nib/runtime.nib ... 
2025-09-08 12:59:01 +0000  66163 bytes for ./Payload/agInspect.app/Inspection.storyboardc/fzT-D2-Fpz-view-0zn-ks-mIu.nib/runtime.nib
2025-09-08 12:59:01 +0000  copying file ./Payload/agInspect.app/Inspection.storyboardc/fzT-D2-Fpz-view-0zn-ks-mIu.nib/objects-12.3+.nib ... 
2025-09-08 12:59:01 +0000  65445 bytes for ./Payload/agInspect.app/Inspection.storyboardc/fzT-D2-Fpz-view-0zn-ks-mIu.nib/objects-12.3+.nib
2025-09-08 12:59:01 +0000  copying file ./Payload/agInspect.app/Inspection.storyboardc/fzT-D2-Fpz-view-0zn-ks-mIu.nib/objects-14.0+.nib ... 
2025-09-08 12:59:01 +0000  65445 bytes for ./Payload/agInspect.app/Inspection.storyboardc/fzT-D2-Fpz-view-0zn-ks-mIu.nib/objects-14.0+.nib
2025-09-08 12:59:01 +0000  copying file ./Payload/agInspect.app/Inspection.storyboardc/RmO-nz-hzC-view-l3t-oB-gxW.nib/objects-11.0+.nib ... 
2025-09-08 12:59:01 +0000  11691 bytes for ./Payload/agInspect.app/Inspection.storyboardc/RmO-nz-hzC-view-l3t-oB-gxW.nib/objects-11.0+.nib
2025-09-08 12:59:01 +0000  copying file ./Payload/agInspect.app/Inspection.storyboardc/RmO-nz-hzC-view-l3t-oB-gxW.nib/runtime.nib ... 
2025-09-08 12:59:01 +0000  11936 bytes for ./Payload/agInspect.app/Inspection.storyboardc/RmO-nz-hzC-view-l3t-oB-gxW.nib/runtime.nib
2025-09-08 12:59:01 +0000  copying file ./Payload/agInspect.app/Inspection.storyboardc/RmO-nz-hzC-view-l3t-oB-gxW.nib/objects-12.3+.nib ... 
2025-09-08 12:59:01 +0000  11920 bytes for ./Payload/agInspect.app/Inspection.storyboardc/RmO-nz-hzC-view-l3t-oB-gxW.nib/objects-12.3+.nib
2025-09-08 12:59:01 +0000  copying file ./Payload/agInspect.app/Inspection.storyboardc/RmO-nz-hzC-view-l3t-oB-gxW.nib/objects-14.0+.nib ... 
2025-09-08 12:59:01 +0000  11920 bytes for ./Payload/agInspect.app/Inspection.storyboardc/RmO-nz-hzC-view-l3t-oB-gxW.nib/objects-14.0+.nib
2025-09-08 12:59:01 +0000  copying file ./Payload/agInspect.app/Inspection.storyboardc/VrA-ty-3YO-view-N14-ij-C6N.nib/objects-11.0+.nib ... 
2025-09-08 12:59:01 +0000  54590 bytes for ./Payload/agInspect.app/Inspection.storyboardc/VrA-ty-3YO-view-N14-ij-C6N.nib/objects-11.0+.nib
2025-09-08 12:59:01 +0000  copying file ./Payload/agInspect.app/Inspection.storyboardc/VrA-ty-3YO-view-N14-ij-C6N.nib/runtime.nib ... 
2025-09-08 12:59:01 +0000  54857 bytes for ./Payload/agInspect.app/Inspection.storyboardc/VrA-ty-3YO-view-N14-ij-C6N.nib/runtime.nib
2025-09-08 12:59:01 +0000  copying file ./Payload/agInspect.app/Inspection.storyboardc/VrA-ty-3YO-view-N14-ij-C6N.nib/objects-12.3+.nib ... 
2025-09-08 12:59:01 +0000  55045 bytes for ./Payload/agInspect.app/Inspection.storyboardc/VrA-ty-3YO-view-N14-ij-C6N.nib/objects-12.3+.nib
2025-09-08 12:59:01 +0000  copying file ./Payload/agInspect.app/Inspection.storyboardc/VrA-ty-3YO-view-N14-ij-C6N.nib/objects-14.0+.nib ... 
2025-09-08 12:59:01 +0000  55045 bytes for ./Payload/agInspect.app/Inspection.storyboardc/VrA-ty-3YO-view-N14-ij-C6N.nib/objects-14.0+.nib
2025-09-08 12:59:01 +0000  copying file ./Payload/agInspect.app/Inspection.storyboardc/HVACViewController.nib/objects-11.0+.nib ... 
2025-09-08 12:59:01 +0000  1369 bytes for ./Payload/agInspect.app/Inspection.storyboardc/HVACViewController.nib/objects-11.0+.nib
2025-09-08 12:59:01 +0000  copying file ./Payload/agInspect.app/Inspection.storyboardc/HVACViewController.nib/runtime.nib ... 
2025-09-08 12:59:01 +0000  1369 bytes for ./Payload/agInspect.app/Inspection.storyboardc/HVACViewController.nib/runtime.nib
2025-09-08 12:59:01 +0000  copying file ./Payload/agInspect.app/Inspection.storyboardc/HVACViewController.nib/objects-12.3+.nib ... 
2025-09-08 12:59:01 +0000  1369 bytes for ./Payload/agInspect.app/Inspection.storyboardc/HVACViewController.nib/objects-12.3+.nib
2025-09-08 12:59:01 +0000  copying file ./Payload/agInspect.app/Inspection.storyboardc/HVACViewController.nib/objects-14.0+.nib ... 
2025-09-08 12:59:01 +0000  1369 bytes for ./Payload/agInspect.app/Inspection.storyboardc/HVACViewController.nib/objects-14.0+.nib
2025-09-08 12:59:01 +0000  copying file ./Payload/agInspect.app/Inspection.storyboardc/LightingViewController.nib/objects-11.0+.nib ... 
2025-09-08 12:59:01 +0000  1377 bytes for ./Payload/agInspect.app/Inspection.storyboardc/LightingViewController.nib/objects-11.0+.nib
2025-09-08 12:59:01 +0000  copying file ./Payload/agInspect.app/Inspection.storyboardc/LightingViewController.nib/runtime.nib ... 
2025-09-08 12:59:01 +0000  1377 bytes for ./Payload/agInspect.app/Inspection.storyboardc/LightingViewController.nib/runtime.nib
2025-09-08 12:59:01 +0000  copying file ./Payload/agInspect.app/Inspection.storyboardc/LightingViewController.nib/objects-12.3+.nib ... 
2025-09-08 12:59:01 +0000  1377 bytes for ./Payload/agInspect.app/Inspection.storyboardc/LightingViewController.nib/objects-12.3+.nib
2025-09-08 12:59:01 +0000  copying file ./Payload/agInspect.app/Inspection.storyboardc/LightingViewController.nib/objects-14.0+.nib ... 
2025-09-08 12:59:01 +0000  1377 bytes for ./Payload/agInspect.app/Inspection.storyboardc/LightingViewController.nib/objects-14.0+.nib
2025-09-08 12:59:01 +0000  copying file ./Payload/agInspect.app/Inspection.storyboardc/InspectionSubmissionConfirmationViewController.nib/objects-11.0+.nib ... 
2025-09-08 12:59:01 +0000  1098 bytes for ./Payload/agInspect.app/Inspection.storyboardc/InspectionSubmissionConfirmationViewController.nib/objects-11.0+.nib
2025-09-08 12:59:01 +0000  copying file ./Payload/agInspect.app/Inspection.storyboardc/InspectionSubmissionConfirmationViewController.nib/runtime.nib ... 
2025-09-08 12:59:01 +0000  1098 bytes for ./Payload/agInspect.app/Inspection.storyboardc/InspectionSubmissionConfirmationViewController.nib/runtime.nib
2025-09-08 12:59:01 +0000  copying file ./Payload/agInspect.app/Inspection.storyboardc/InspectionSubmissionConfirmationViewController.nib/objects-12.3+.nib ... 
2025-09-08 12:59:01 +0000  1098 bytes for ./Payload/agInspect.app/Inspection.storyboardc/InspectionSubmissionConfirmationViewController.nib/objects-12.3+.nib
2025-09-08 12:59:01 +0000  copying file ./Payload/agInspect.app/Inspection.storyboardc/InspectionSubmissionConfirmationViewController.nib/objects-14.0+.nib ... 
2025-09-08 12:59:01 +0000  1098 bytes for ./Payload/agInspect.app/Inspection.storyboardc/InspectionSubmissionConfirmationViewController.nib/objects-14.0+.nib
2025-09-08 12:59:01 +0000  copying file ./Payload/agInspect.app/Inspection.storyboardc/WpM-ki-vnf-view-IcD-vX-f2G.nib/objects-11.0+.nib ... 
2025-09-08 12:59:01 +0000  54613 bytes for ./Payload/agInspect.app/Inspection.storyboardc/WpM-ki-vnf-view-IcD-vX-f2G.nib/objects-11.0+.nib
2025-09-08 12:59:01 +0000  copying file ./Payload/agInspect.app/Inspection.storyboardc/WpM-ki-vnf-view-IcD-vX-f2G.nib/runtime.nib ... 
2025-09-08 12:59:01 +0000  54880 bytes for ./Payload/agInspect.app/Inspection.storyboardc/WpM-ki-vnf-view-IcD-vX-f2G.nib/runtime.nib
2025-09-08 12:59:01 +0000  copying file ./Payload/agInspect.app/Inspection.storyboardc/WpM-ki-vnf-view-IcD-vX-f2G.nib/objects-12.3+.nib ... 
2025-09-08 12:59:01 +0000  55068 bytes for ./Payload/agInspect.app/Inspection.storyboardc/WpM-ki-vnf-view-IcD-vX-f2G.nib/objects-12.3+.nib
2025-09-08 12:59:01 +0000  copying file ./Payload/agInspect.app/Inspection.storyboardc/WpM-ki-vnf-view-IcD-vX-f2G.nib/objects-14.0+.nib ... 
2025-09-08 12:59:01 +0000  55068 bytes for ./Payload/agInspect.app/Inspection.storyboardc/WpM-ki-vnf-view-IcD-vX-f2G.nib/objects-14.0+.nib
2025-09-08 12:59:01 +0000  copying file ./Payload/agInspect.app/Inspection.storyboardc/7sr-1I-gTz-view-p1o-OM-28e.nib/objects-11.0+.nib ... 
2025-09-08 12:59:01 +0000  54537 bytes for ./Payload/agInspect.app/Inspection.storyboardc/7sr-1I-gTz-view-p1o-OM-28e.nib/objects-11.0+.nib
2025-09-08 12:59:01 +0000  copying file ./Payload/agInspect.app/Inspection.storyboardc/7sr-1I-gTz-view-p1o-OM-28e.nib/runtime.nib ... 
2025-09-08 12:59:01 +0000  54804 bytes for ./Payload/agInspect.app/Inspection.storyboardc/7sr-1I-gTz-view-p1o-OM-28e.nib/runtime.nib
2025-09-08 12:59:01 +0000  copying file ./Payload/agInspect.app/Inspection.storyboardc/7sr-1I-gTz-view-p1o-OM-28e.nib/objects-12.3+.nib ... 
2025-09-08 12:59:01 +0000  54992 bytes for ./Payload/agInspect.app/Inspection.storyboardc/7sr-1I-gTz-view-p1o-OM-28e.nib/objects-12.3+.nib
2025-09-08 12:59:01 +0000  copying file ./Payload/agInspect.app/Inspection.storyboardc/7sr-1I-gTz-view-p1o-OM-28e.nib/objects-14.0+.nib ... 
2025-09-08 12:59:01 +0000  54992 bytes for ./Payload/agInspect.app/Inspection.storyboardc/7sr-1I-gTz-view-p1o-OM-28e.nib/objects-14.0+.nib
2025-09-08 12:59:01 +0000  copying file ./Payload/agInspect.app/Inspection.storyboardc/GeneralNotesViewController.nib/objects-11.0+.nib ... 
2025-09-08 12:59:01 +0000  1110 bytes for ./Payload/agInspect.app/Inspection.storyboardc/GeneralNotesViewController.nib/objects-11.0+.nib
2025-09-08 12:59:01 +0000  copying file ./Payload/agInspect.app/Inspection.storyboardc/GeneralNotesViewController.nib/runtime.nib ... 
2025-09-08 12:59:01 +0000  1110 bytes for ./Payload/agInspect.app/Inspection.storyboardc/GeneralNotesViewController.nib/runtime.nib
2025-09-08 12:59:01 +0000  copying file ./Payload/agInspect.app/Inspection.storyboardc/GeneralNotesViewController.nib/objects-12.3+.nib ... 
2025-09-08 12:59:01 +0000  1110 bytes for ./Payload/agInspect.app/Inspection.storyboardc/GeneralNotesViewController.nib/objects-12.3+.nib
2025-09-08 12:59:01 +0000  copying file ./Payload/agInspect.app/Inspection.storyboardc/GeneralNotesViewController.nib/objects-14.0+.nib ... 
2025-09-08 12:59:01 +0000  1110 bytes for ./Payload/agInspect.app/Inspection.storyboardc/GeneralNotesViewController.nib/objects-14.0+.nib
2025-09-08 12:59:01 +0000  copying file ./Payload/agInspect.app/Inspection.storyboardc/XQl-IE-pZF-view-Gou-ig-vPq.nib/objects-11.0+.nib ... 
2025-09-08 12:59:01 +0000  35473 bytes for ./Payload/agInspect.app/Inspection.storyboardc/XQl-IE-pZF-view-Gou-ig-vPq.nib/objects-11.0+.nib
2025-09-08 12:59:01 +0000  copying file ./Payload/agInspect.app/Inspection.storyboardc/XQl-IE-pZF-view-Gou-ig-vPq.nib/runtime.nib ... 
2025-09-08 12:59:01 +0000  35599 bytes for ./Payload/agInspect.app/Inspection.storyboardc/XQl-IE-pZF-view-Gou-ig-vPq.nib/runtime.nib
2025-09-08 12:59:01 +0000  copying file ./Payload/agInspect.app/Inspection.storyboardc/XQl-IE-pZF-view-Gou-ig-vPq.nib/objects-12.3+.nib ... 
2025-09-08 12:59:01 +0000  35702 bytes for ./Payload/agInspect.app/Inspection.storyboardc/XQl-IE-pZF-view-Gou-ig-vPq.nib/objects-12.3+.nib
2025-09-08 12:59:01 +0000  copying file ./Payload/agInspect.app/Inspection.storyboardc/XQl-IE-pZF-view-Gou-ig-vPq.nib/objects-14.0+.nib ... 
2025-09-08 12:59:01 +0000  33973 bytes for ./Payload/agInspect.app/Inspection.storyboardc/XQl-IE-pZF-view-Gou-ig-vPq.nib/objects-14.0+.nib
2025-09-08 12:59:01 +0000  copying file ./Payload/agInspect.app/Inspection.storyboardc/Info.plist ... 
2025-09-08 12:59:01 +0000  1033 bytes for ./Payload/agInspect.app/Inspection.storyboardc/Info.plist
2025-09-08 12:59:01 +0000  copying file ./Payload/agInspect.app/Inspection.storyboardc/OldInspectionDetailsViewController.nib/objects-11.0+.nib ... 
2025-09-08 12:59:01 +0000  1365 bytes for ./Payload/agInspect.app/Inspection.storyboardc/OldInspectionDetailsViewController.nib/objects-11.0+.nib
2025-09-08 12:59:01 +0000  copying file ./Payload/agInspect.app/Inspection.storyboardc/OldInspectionDetailsViewController.nib/runtime.nib ... 
2025-09-08 12:59:01 +0000  1365 bytes for ./Payload/agInspect.app/Inspection.storyboardc/OldInspectionDetailsViewController.nib/runtime.nib
2025-09-08 12:59:01 +0000  copying file ./Payload/agInspect.app/Inspection.storyboardc/OldInspectionDetailsViewController.nib/objects-12.3+.nib ... 
2025-09-08 12:59:01 +0000  1365 bytes for ./Payload/agInspect.app/Inspection.storyboardc/OldInspectionDetailsViewController.nib/objects-12.3+.nib
2025-09-08 12:59:01 +0000  copying file ./Payload/agInspect.app/Inspection.storyboardc/OldInspectionDetailsViewController.nib/objects-14.0+.nib ... 
2025-09-08 12:59:01 +0000  1365 bytes for ./Payload/agInspect.app/Inspection.storyboardc/OldInspectionDetailsViewController.nib/objects-14.0+.nib
2025-09-08 12:59:01 +0000  copying file ./Payload/agInspect.app/AppIcon76x76@2x~ipad.png ... 
2025-09-08 12:59:01 +0000  10268 bytes for ./Payload/agInspect.app/AppIcon76x76@2x~ipad.png
2025-09-08 12:59:01 +0000  copying file ./Payload/agInspect.app/Swedish.dct ... 
2025-09-08 12:59:01 +0000  126142 bytes for ./Payload/agInspect.app/Swedish.dct
2025-09-08 12:59:01 +0000  copying file ./Payload/agInspect.app/EnglishUK.dct ... 
2025-09-08 12:59:01 +0000  246451 bytes for ./Payload/agInspect.app/EnglishUK.dct
2025-09-08 12:59:01 +0000  copying file ./Payload/agInspect.app/AppIcon83.5x83.5@2x~ipad.png ... 
2025-09-08 12:59:01 +0000  11171 bytes for ./Payload/agInspect.app/AppIcon83.5x83.5@2x~ipad.png
2025-09-08 12:59:01 +0000  copying file ./Payload/agInspect.app/Finnish.dct ... 
2025-09-08 12:59:01 +0000  369810 bytes for ./Payload/agInspect.app/Finnish.dct
2025-09-08 12:59:01 +0000  copying file ./Payload/agInspect.app/AppIcon29x29@2x~ipad.png ... 
2025-09-08 12:59:01 +0000  3865 bytes for ./Payload/agInspect.app/AppIcon29x29@2x~ipad.png
2025-09-08 12:59:01 +0000  copying file ./Payload/agInspect.app/AppIcon40x40~ipad.png ... 
2025-09-08 12:59:01 +0000  2579 bytes for ./Payload/agInspect.app/AppIcon40x40~ipad.png
2025-09-08 12:59:01 +0000  copying file ./Payload/agInspect.app/AppIcon20x20~ipad.png ... 
2025-09-08 12:59:01 +0000  1147 bytes for ./Payload/agInspect.app/AppIcon20x20~ipad.png
2025-09-08 12:59:01 +0000  copying file ./Payload/agInspect.app/embedded.mobileprovision ... 
2025-09-08 12:59:01 +0000  12175 bytes for ./Payload/agInspect.app/embedded.mobileprovision
2025-09-08 12:59:01 +0000  copying file ./Payload/agInspect.app/French.dct ... 
2025-09-08 12:59:01 +0000  308526 bytes for ./Payload/agInspect.app/French.dct
2025-09-08 12:59:01 +0000  copying file ./Payload/agInspect.app/Danish.dct ... 
2025-09-08 12:59:01 +0000  289309 bytes for ./Payload/agInspect.app/Danish.dct
2025-09-08 12:59:01 +0000  copying file ./Payload/agInspect.app/AppIcon20x20@2x~ipad.png ... 
2025-09-08 12:59:01 +0000  2579 bytes for ./Payload/agInspect.app/AppIcon20x20@2x~ipad.png
2025-09-08 12:59:01 +0000  copying file ./Payload/agInspect.app/Info.plist ... 
2025-09-08 12:59:01 +0000  2039 bytes for ./Payload/agInspect.app/Info.plist
2025-09-08 12:59:01 +0000  copying file ./Payload/agInspect.app/PkgInfo ... 
2025-09-08 12:59:01 +0000  8 bytes for ./Payload/agInspect.app/PkgInfo
2025-09-08 12:59:01 +0000  copying file ./Payload/agInspect.app/AppIcon76x76~ipad.png ... 
2025-09-08 12:59:01 +0000  5318 bytes for ./Payload/agInspect.app/AppIcon76x76~ipad.png
2025-09-08 12:59:01 +0000  /usr/bin/ditto exited with 0
2025-09-08 12:59:01 +0000  Processing step: IDEDistributionAppStoreInformationStep
2025-09-08 12:59:01 +0000  Skipping step: IDEDistributionAppStoreInformationStep because it said so
2025-09-08 12:59:01 +0000  Processing step: IDEDistributionGenerateProcessedDistributionItems
2025-09-08 12:59:01 +0000  IDEDistributionItem init <DVTFilePath:0x600024b4b2a0:'/var/folders/z2/64cv4cgj1v7_f7s0knllcm7m0000gn/T/XcodeDistPipeline.~~~UqHV1L/Root/Payload/agInspect.app'>
2025-09-08 12:59:01 +0000  Processing step: IDEDistributionCreateManifestStep
